{"C:\\Users\\yusakata\\work\\github.com\\xyslope\\zaikon\\app.js": {"path":"C:\\Users\\yusakata\\work\\github.com\\xyslope\\zaikon\\app.js","statementMap":{"0":{"start":{"line":3,"column":16},"end":{"line":3,"column":34}},"1":{"start":{"line":4,"column":16},"end":{"line":4,"column":42}},"2":{"start":{"line":5,"column":13},"end":{"line":5,"column":28}},"3":{"start":{"line":6,"column":23},"end":{"line":6,"column":38}},"4":{"start":{"line":7,"column":11},"end":{"line":7,"column":26}},"5":{"start":{"line":9,"column":23},"end":{"line":9,"column":63}},"6":{"start":{"line":10,"column":27},"end":{"line":10,"column":71}},"7":{"start":{"line":11,"column":23},"end":{"line":11,"column":63}},"8":{"start":{"line":12,"column":25},"end":{"line":12,"column":67}},"9":{"start":{"line":13,"column":27},"end":{"line":13,"column":71}},"10":{"start":{"line":15,"column":12},"end":{"line":15,"column":21}},"11":{"start":{"line":16,"column":13},"end":{"line":16,"column":17}},"12":{"start":{"line":17,"column":19},"end":{"line":17,"column":40}},"13":{"start":{"line":18,"column":0},"end":{"line":18,"column":27}},"14":{"start":{"line":20,"column":22},"end":{"line":20,"column":49}},"15":{"start":{"line":22,"column":0},"end":{"line":29,"column":5}},"16":{"start":{"line":23,"column":2},"end":{"line":23,"column":24}},"17":{"start":{"line":25,"column":2},"end":{"line":28,"column":5}},"18":{"start":{"line":26,"column":4},"end":{"line":26,"column":62}},"19":{"start":{"line":27,"column":4},"end":{"line":27,"column":45}},"20":{"start":{"line":32,"column":17},"end":{"line":32,"column":44}},"21":{"start":{"line":33,"column":0},"end":{"line":33,"column":35}},"22":{"start":{"line":36,"column":18},"end":{"line":36,"column":56}},"23":{"start":{"line":37,"column":11},"end":{"line":37,"column":24}},"24":{"start":{"line":39,"column":19},"end":{"line":39,"column":59}},"25":{"start":{"line":40,"column":0},"end":{"line":42,"column":1}},"26":{"start":{"line":41,"column":2},"end":{"line":41,"column":48}},"27":{"start":{"line":44,"column":0},"end":{"line":56,"column":4}},"28":{"start":{"line":58,"column":0},"end":{"line":58,"column":48}},"29":{"start":{"line":59,"column":0},"end":{"line":59,"column":24}},"30":{"start":{"line":60,"column":0},"end":{"line":60,"column":34}},"31":{"start":{"line":61,"column":0},"end":{"line":61,"column":30}},"32":{"start":{"line":62,"column":0},"end":{"line":62,"column":48}},"33":{"start":{"line":66,"column":2},"end":{"line":66,"column":26}},"34":{"start":{"line":67,"column":2},"end":{"line":67,"column":26}},"35":{"start":{"line":68,"column":2},"end":{"line":68,"column":24}},"36":{"start":{"line":69,"column":2},"end":{"line":69,"column":26}},"37":{"start":{"line":70,"column":2},"end":{"line":70,"column":40}},"38":{"start":{"line":70,"column":24},"end":{"line":70,"column":40}},"39":{"start":{"line":71,"column":2},"end":{"line":71,"column":38}},"40":{"start":{"line":71,"column":23},"end":{"line":71,"column":38}},"41":{"start":{"line":72,"column":2},"end":{"line":72,"column":40}},"42":{"start":{"line":72,"column":24},"end":{"line":72,"column":40}},"43":{"start":{"line":73,"column":2},"end":{"line":73,"column":15}},"44":{"start":{"line":78,"column":23},"end":{"line":85,"column":3}},"45":{"start":{"line":86,"column":2},"end":{"line":86,"column":24}},"46":{"start":{"line":87,"column":20},"end":{"line":87,"column":72}},"47":{"start":{"line":87,"column":49},"end":{"line":87,"column":71}},"48":{"start":{"line":88,"column":22},"end":{"line":88,"column":63}},"49":{"start":{"line":90,"column":2},"end":{"line":92,"column":3}},"50":{"start":{"line":91,"column":4},"end":{"line":91,"column":56}},"51":{"start":{"line":94,"column":2},"end":{"line":96,"column":3}},"52":{"start":{"line":95,"column":4},"end":{"line":95,"column":29}},"53":{"start":{"line":97,"column":2},"end":{"line":97,"column":9}},"54":{"start":{"line":101,"column":0},"end":{"line":112,"column":1}},"55":{"start":{"line":102,"column":2},"end":{"line":109,"column":5}},"56":{"start":{"line":103,"column":4},"end":{"line":107,"column":6}},"57":{"start":{"line":108,"column":4},"end":{"line":108,"column":11}},"58":{"start":{"line":111,"column":2},"end":{"line":111,"column":26}},"59":{"start":{"line":115,"column":0},"end":{"line":117,"column":3}},"60":{"start":{"line":116,"column":2},"end":{"line":116,"column":24}},"61":{"start":{"line":120,"column":0},"end":{"line":122,"column":3}},"62":{"start":{"line":121,"column":2},"end":{"line":121,"column":47}},"63":{"start":{"line":121,"column":28},"end":{"line":121,"column":45}},"64":{"start":{"line":125,"column":0},"end":{"line":127,"column":3}},"65":{"start":{"line":126,"column":2},"end":{"line":126,"column":25}},"66":{"start":{"line":130,"column":0},"end":{"line":142,"column":3}},"67":{"start":{"line":131,"column":21},"end":{"line":131,"column":31}},"68":{"start":{"line":132,"column":2},"end":{"line":141,"column":3}},"69":{"start":{"line":133,"column":17},"end":{"line":133,"column":54}},"70":{"start":{"line":134,"column":4},"end":{"line":136,"column":5}},"71":{"start":{"line":135,"column":6},"end":{"line":135,"column":49}},"72":{"start":{"line":137,"column":4},"end":{"line":137,"column":38}},"73":{"start":{"line":139,"column":4},"end":{"line":139,"column":23}},"74":{"start":{"line":140,"column":4},"end":{"line":140,"column":48}},"75":{"start":{"line":144,"column":0},"end":{"line":183,"column":3}},"76":{"start":{"line":145,"column":49},"end":{"line":145,"column":57}},"77":{"start":{"line":146,"column":2},"end":{"line":146,"column":82}},"78":{"start":{"line":146,"column":49},"end":{"line":146,"column":82}},"79":{"start":{"line":147,"column":2},"end":{"line":147,"column":26}},"80":{"start":{"line":148,"column":2},"end":{"line":182,"column":3}},"81":{"start":{"line":150,"column":19},"end":{"line":150,"column":56}},"82":{"start":{"line":151,"column":4},"end":{"line":153,"column":5}},"83":{"start":{"line":152,"column":6},"end":{"line":152,"column":81}},"84":{"start":{"line":154,"column":4},"end":{"line":154,"column":32}},"85":{"start":{"line":155,"column":4},"end":{"line":164,"column":5}},"86":{"start":{"line":156,"column":23},"end":{"line":156,"column":62}},"87":{"start":{"line":157,"column":6},"end":{"line":157,"column":41}},"88":{"start":{"line":158,"column":6},"end":{"line":160,"column":7}},"89":{"start":{"line":159,"column":8},"end":{"line":159,"column":79}},"90":{"start":{"line":162,"column":6},"end":{"line":162,"column":57}},"91":{"start":{"line":163,"column":6},"end":{"line":163,"column":56}},"92":{"start":{"line":165,"column":8},"end":{"line":165,"column":38}},"93":{"start":{"line":167,"column":20},"end":{"line":173,"column":5}},"94":{"start":{"line":174,"column":4},"end":{"line":174,"column":31}},"95":{"start":{"line":176,"column":4},"end":{"line":176,"column":45}},"96":{"start":{"line":177,"column":4},"end":{"line":177,"column":31}},"97":{"start":{"line":178,"column":4},"end":{"line":178,"column":45}},"98":{"start":{"line":180,"column":4},"end":{"line":180,"column":39}},"99":{"start":{"line":181,"column":4},"end":{"line":181,"column":47}},"100":{"start":{"line":186,"column":0},"end":{"line":213,"column":3}},"101":{"start":{"line":187,"column":21},"end":{"line":187,"column":31}},"102":{"start":{"line":189,"column":2},"end":{"line":212,"column":3}},"103":{"start":{"line":191,"column":4},"end":{"line":197,"column":5}},"104":{"start":{"line":192,"column":19},"end":{"line":192,"column":56}},"105":{"start":{"line":193,"column":6},"end":{"line":195,"column":7}},"106":{"start":{"line":194,"column":8},"end":{"line":194,"column":80}},"107":{"start":{"line":196,"column":6},"end":{"line":196,"column":30}},"108":{"start":{"line":199,"column":22},"end":{"line":199,"column":67}},"109":{"start":{"line":201,"column":4},"end":{"line":204,"column":5}},"110":{"start":{"line":202,"column":6},"end":{"line":202,"column":73}},"111":{"start":{"line":203,"column":6},"end":{"line":203,"column":80}},"112":{"start":{"line":205,"column":4},"end":{"line":209,"column":7}},"113":{"start":{"line":211,"column":4},"end":{"line":211,"column":46}},"114":{"start":{"line":216,"column":0},"end":{"line":242,"column":3}},"115":{"start":{"line":217,"column":22},"end":{"line":217,"column":38}},"116":{"start":{"line":218,"column":2},"end":{"line":218,"column":50}},"117":{"start":{"line":218,"column":20},"end":{"line":218,"column":50}},"118":{"start":{"line":220,"column":21},"end":{"line":220,"column":31}},"119":{"start":{"line":221,"column":2},"end":{"line":221,"column":78}},"120":{"start":{"line":221,"column":38},"end":{"line":221,"column":78}},"121":{"start":{"line":223,"column":42},"end":{"line":223,"column":50}},"122":{"start":{"line":224,"column":2},"end":{"line":224,"column":83}},"123":{"start":{"line":224,"column":39},"end":{"line":224,"column":83}},"124":{"start":{"line":226,"column":2},"end":{"line":241,"column":3}},"125":{"start":{"line":227,"column":4},"end":{"line":231,"column":7}},"126":{"start":{"line":234,"column":4},"end":{"line":234,"column":43}},"127":{"start":{"line":235,"column":4},"end":{"line":235,"column":57}},"128":{"start":{"line":237,"column":4},"end":{"line":237,"column":36}},"129":{"start":{"line":239,"column":4},"end":{"line":239,"column":23}},"130":{"start":{"line":240,"column":4},"end":{"line":240,"column":49}},"131":{"start":{"line":245,"column":0},"end":{"line":280,"column":3}},"132":{"start":{"line":246,"column":15},"end":{"line":246,"column":31}},"133":{"start":{"line":247,"column":2},"end":{"line":250,"column":3}},"134":{"start":{"line":248,"column":4},"end":{"line":248,"column":35}},"135":{"start":{"line":249,"column":4},"end":{"line":249,"column":61}},"136":{"start":{"line":252,"column":28},"end":{"line":252,"column":36}},"137":{"start":{"line":253,"column":2},"end":{"line":253,"column":67}},"138":{"start":{"line":253,"column":22},"end":{"line":253,"column":67}},"139":{"start":{"line":255,"column":2},"end":{"line":279,"column":3}},"140":{"start":{"line":256,"column":23},"end":{"line":256,"column":52}},"141":{"start":{"line":257,"column":16},"end":{"line":257,"column":40}},"142":{"start":{"line":258,"column":4},"end":{"line":258,"column":27}},"143":{"start":{"line":259,"column":4},"end":{"line":265,"column":7}},"144":{"start":{"line":266,"column":4},"end":{"line":266,"column":29}},"145":{"start":{"line":268,"column":4},"end":{"line":272,"column":7}},"146":{"start":{"line":273,"column":4},"end":{"line":273,"column":24}},"147":{"start":{"line":275,"column":4},"end":{"line":275,"column":42}},"148":{"start":{"line":277,"column":4},"end":{"line":277,"column":36}},"149":{"start":{"line":278,"column":4},"end":{"line":278,"column":46}},"150":{"start":{"line":282,"column":0},"end":{"line":318,"column":3}},"151":{"start":{"line":283,"column":25},"end":{"line":283,"column":35}},"152":{"start":{"line":284,"column":22},"end":{"line":284,"column":38}},"153":{"start":{"line":286,"column":2},"end":{"line":317,"column":3}},"154":{"start":{"line":287,"column":21},"end":{"line":287,"column":60}},"155":{"start":{"line":288,"column":4},"end":{"line":290,"column":5}},"156":{"start":{"line":289,"column":6},"end":{"line":289,"column":48}},"157":{"start":{"line":292,"column":4},"end":{"line":294,"column":5}},"158":{"start":{"line":293,"column":6},"end":{"line":293,"column":56}},"159":{"start":{"line":296,"column":21},"end":{"line":297,"column":61}},"160":{"start":{"line":297,"column":22},"end":{"line":297,"column":60}},"161":{"start":{"line":299,"column":4},"end":{"line":301,"column":5}},"162":{"start":{"line":300,"column":6},"end":{"line":300,"column":49}},"163":{"start":{"line":303,"column":18},"end":{"line":303,"column":61}},"164":{"start":{"line":304,"column":20},"end":{"line":304,"column":68}},"165":{"start":{"line":306,"column":4},"end":{"line":313,"column":7}},"166":{"start":{"line":315,"column":4},"end":{"line":315,"column":23}},"167":{"start":{"line":316,"column":4},"end":{"line":316,"column":46}},"168":{"start":{"line":321,"column":0},"end":{"line":351,"column":3}},"169":{"start":{"line":322,"column":25},"end":{"line":322,"column":35}},"170":{"start":{"line":323,"column":55},"end":{"line":323,"column":63}},"171":{"start":{"line":325,"column":2},"end":{"line":350,"column":3}},"172":{"start":{"line":326,"column":16},"end":{"line":326,"column":40}},"173":{"start":{"line":327,"column":22},"end":{"line":327,"column":49}},"174":{"start":{"line":328,"column":21},"end":{"line":328,"column":47}},"175":{"start":{"line":329,"column":22},"end":{"line":329,"column":49}},"176":{"start":{"line":330,"column":22},"end":{"line":330,"column":49}},"177":{"start":{"line":331,"column":20},"end":{"line":343,"column":5}},"178":{"start":{"line":345,"column":4},"end":{"line":345,"column":42}},"179":{"start":{"line":346,"column":4},"end":{"line":346,"column":44}},"180":{"start":{"line":348,"column":4},"end":{"line":348,"column":23}},"181":{"start":{"line":349,"column":4},"end":{"line":349,"column":47}},"182":{"start":{"line":354,"column":0},"end":{"line":370,"column":3}},"183":{"start":{"line":355,"column":33},"end":{"line":355,"column":43}},"184":{"start":{"line":356,"column":28},"end":{"line":356,"column":36}},"185":{"start":{"line":357,"column":2},"end":{"line":369,"column":3}},"186":{"start":{"line":358,"column":17},"end":{"line":358,"column":98}},"187":{"start":{"line":358,"column":77},"end":{"line":358,"column":97}},"188":{"start":{"line":359,"column":4},"end":{"line":359,"column":62}},"189":{"start":{"line":359,"column":15},"end":{"line":359,"column":62}},"190":{"start":{"line":360,"column":20},"end":{"line":360,"column":31}},"191":{"start":{"line":361,"column":4},"end":{"line":361,"column":60}},"192":{"start":{"line":361,"column":32},"end":{"line":361,"column":60}},"193":{"start":{"line":362,"column":4},"end":{"line":362,"column":73}},"194":{"start":{"line":362,"column":32},"end":{"line":362,"column":73}},"195":{"start":{"line":363,"column":4},"end":{"line":363,"column":103}},"196":{"start":{"line":363,"column":58},"end":{"line":363,"column":103}},"197":{"start":{"line":364,"column":4},"end":{"line":364,"column":57}},"198":{"start":{"line":365,"column":4},"end":{"line":365,"column":44}},"199":{"start":{"line":367,"column":4},"end":{"line":367,"column":23}},"200":{"start":{"line":368,"column":4},"end":{"line":368,"column":49}},"201":{"start":{"line":373,"column":0},"end":{"line":394,"column":3}},"202":{"start":{"line":374,"column":33},"end":{"line":374,"column":43}},"203":{"start":{"line":375,"column":28},"end":{"line":375,"column":36}},"204":{"start":{"line":376,"column":2},"end":{"line":393,"column":3}},"205":{"start":{"line":378,"column":17},"end":{"line":378,"column":98}},"206":{"start":{"line":378,"column":77},"end":{"line":378,"column":97}},"207":{"start":{"line":379,"column":4},"end":{"line":379,"column":62}},"208":{"start":{"line":379,"column":15},"end":{"line":379,"column":62}},"209":{"start":{"line":380,"column":19},"end":{"line":380,"column":56}},"210":{"start":{"line":381,"column":20},"end":{"line":381,"column":31}},"211":{"start":{"line":383,"column":4},"end":{"line":388,"column":5}},"212":{"start":{"line":384,"column":6},"end":{"line":384,"column":45}},"213":{"start":{"line":385,"column":6},"end":{"line":385,"column":77}},"214":{"start":{"line":387,"column":6},"end":{"line":387,"column":57}},"215":{"start":{"line":389,"column":4},"end":{"line":389,"column":44}},"216":{"start":{"line":391,"column":4},"end":{"line":391,"column":23}},"217":{"start":{"line":392,"column":4},"end":{"line":392,"column":50}},"218":{"start":{"line":397,"column":0},"end":{"line":417,"column":3}},"219":{"start":{"line":398,"column":25},"end":{"line":398,"column":35}},"220":{"start":{"line":399,"column":34},"end":{"line":399,"column":42}},"221":{"start":{"line":401,"column":2},"end":{"line":416,"column":3}},"222":{"start":{"line":402,"column":17},"end":{"line":402,"column":55}},"223":{"start":{"line":403,"column":4},"end":{"line":405,"column":5}},"224":{"start":{"line":404,"column":6},"end":{"line":404,"column":53}},"225":{"start":{"line":407,"column":4},"end":{"line":411,"column":6}},"226":{"start":{"line":413,"column":4},"end":{"line":413,"column":44}},"227":{"start":{"line":415,"column":4},"end":{"line":415,"column":47}},"228":{"start":{"line":420,"column":0},"end":{"line":441,"column":3}},"229":{"start":{"line":421,"column":25},"end":{"line":421,"column":35}},"230":{"start":{"line":422,"column":15},"end":{"line":422,"column":31}},"231":{"start":{"line":423,"column":2},"end":{"line":423,"column":43}},"232":{"start":{"line":423,"column":13},"end":{"line":423,"column":43}},"233":{"start":{"line":425,"column":2},"end":{"line":440,"column":3}},"234":{"start":{"line":426,"column":21},"end":{"line":426,"column":66}},"235":{"start":{"line":427,"column":4},"end":{"line":429,"column":5}},"236":{"start":{"line":428,"column":6},"end":{"line":428,"column":47}},"237":{"start":{"line":431,"column":4},"end":{"line":435,"column":16}},"238":{"start":{"line":432,"column":18},"end":{"line":432,"column":55}},"239":{"start":{"line":433,"column":18},"end":{"line":433,"column":63}},"240":{"start":{"line":434,"column":18},"end":{"line":434,"column":65}},"241":{"start":{"line":437,"column":4},"end":{"line":437,"column":42}},"242":{"start":{"line":439,"column":4},"end":{"line":439,"column":46}},"243":{"start":{"line":444,"column":0},"end":{"line":456,"column":3}},"244":{"start":{"line":445,"column":25},"end":{"line":445,"column":35}},"245":{"start":{"line":446,"column":22},"end":{"line":446,"column":30}},"246":{"start":{"line":448,"column":2},"end":{"line":448,"column":63}},"247":{"start":{"line":448,"column":16},"end":{"line":448,"column":63}},"248":{"start":{"line":450,"column":2},"end":{"line":455,"column":3}},"249":{"start":{"line":451,"column":4},"end":{"line":451,"column":41}},"250":{"start":{"line":452,"column":4},"end":{"line":452,"column":44}},"251":{"start":{"line":454,"column":4},"end":{"line":454,"column":47}},"252":{"start":{"line":459,"column":0},"end":{"line":484,"column":3}},"253":{"start":{"line":460,"column":25},"end":{"line":460,"column":35}},"254":{"start":{"line":461,"column":22},"end":{"line":461,"column":30}},"255":{"start":{"line":462,"column":15},"end":{"line":462,"column":31}},"256":{"start":{"line":464,"column":2},"end":{"line":464,"column":43}},"257":{"start":{"line":464,"column":13},"end":{"line":464,"column":43}},"258":{"start":{"line":466,"column":2},"end":{"line":483,"column":3}},"259":{"start":{"line":467,"column":4},"end":{"line":467,"column":61}},"260":{"start":{"line":470,"column":22},"end":{"line":470,"column":73}},"261":{"start":{"line":471,"column":4},"end":{"line":478,"column":5}},"262":{"start":{"line":472,"column":6},"end":{"line":475,"column":18}},"263":{"start":{"line":473,"column":20},"end":{"line":473,"column":57}},"264":{"start":{"line":474,"column":20},"end":{"line":474,"column":65}},"265":{"start":{"line":477,"column":6},"end":{"line":477,"column":51}},"266":{"start":{"line":480,"column":4},"end":{"line":480,"column":44}},"267":{"start":{"line":482,"column":4},"end":{"line":482,"column":47}},"268":{"start":{"line":487,"column":0},"end":{"line":507,"column":3}},"269":{"start":{"line":488,"column":37},"end":{"line":488,"column":45}},"270":{"start":{"line":489,"column":2},"end":{"line":489,"column":82}},"271":{"start":{"line":489,"column":34},"end":{"line":489,"column":82}},"272":{"start":{"line":491,"column":2},"end":{"line":506,"column":3}},"273":{"start":{"line":492,"column":17},"end":{"line":492,"column":63}},"274":{"start":{"line":493,"column":4},"end":{"line":495,"column":5}},"275":{"start":{"line":494,"column":6},"end":{"line":494,"column":131}},"276":{"start":{"line":497,"column":4},"end":{"line":501,"column":7}},"277":{"start":{"line":503,"column":4},"end":{"line":503,"column":45}},"278":{"start":{"line":505,"column":4},"end":{"line":505,"column":47}},"279":{"start":{"line":510,"column":0},"end":{"line":513,"column":3}},"280":{"start":{"line":511,"column":2},"end":{"line":511,"column":27}},"281":{"start":{"line":512,"column":2},"end":{"line":512,"column":48}},"282":{"start":{"line":516,"column":20},"end":{"line":522,"column":2}},"283":{"start":{"line":525,"column":0},"end":{"line":556,"column":3}},"284":{"start":{"line":526,"column":20},"end":{"line":526,"column":28}},"285":{"start":{"line":527,"column":2},"end":{"line":527,"column":45}},"286":{"start":{"line":528,"column":2},"end":{"line":528,"column":41}},"287":{"start":{"line":529,"column":2},"end":{"line":531,"column":3}},"288":{"start":{"line":530,"column":4},"end":{"line":530,"column":52}},"289":{"start":{"line":533,"column":2},"end":{"line":555,"column":3}},"290":{"start":{"line":534,"column":17},"end":{"line":534,"column":50}},"291":{"start":{"line":535,"column":4},"end":{"line":537,"column":5}},"292":{"start":{"line":536,"column":6},"end":{"line":536,"column":51}},"293":{"start":{"line":539,"column":20},"end":{"line":539,"column":70}},"294":{"start":{"line":540,"column":24},"end":{"line":540,"column":57}},"295":{"start":{"line":542,"column":24},"end":{"line":547,"column":5}},"296":{"start":{"line":549,"column":4},"end":{"line":549,"column":44}},"297":{"start":{"line":551,"column":4},"end":{"line":551,"column":39}},"298":{"start":{"line":553,"column":4},"end":{"line":553,"column":23}},"299":{"start":{"line":554,"column":4},"end":{"line":554,"column":46}},"300":{"start":{"line":559,"column":0},"end":{"line":583,"column":3}},"301":{"start":{"line":560,"column":21},"end":{"line":560,"column":44}},"302":{"start":{"line":561,"column":19},"end":{"line":561,"column":46}},"303":{"start":{"line":562,"column":2},"end":{"line":564,"column":3}},"304":{"start":{"line":563,"column":4},"end":{"line":563,"column":56}},"305":{"start":{"line":566,"column":2},"end":{"line":582,"column":3}},"306":{"start":{"line":567,"column":25},"end":{"line":567,"column":69}},"307":{"start":{"line":569,"column":24},"end":{"line":574,"column":5}},"308":{"start":{"line":576,"column":4},"end":{"line":576,"column":44}},"309":{"start":{"line":578,"column":4},"end":{"line":578,"column":39}},"310":{"start":{"line":580,"column":4},"end":{"line":580,"column":23}},"311":{"start":{"line":581,"column":4},"end":{"line":581,"column":46}},"312":{"start":{"line":587,"column":0},"end":{"line":601,"column":3}},"313":{"start":{"line":588,"column":2},"end":{"line":600,"column":3}},"314":{"start":{"line":590,"column":4},"end":{"line":595,"column":9}},"315":{"start":{"line":591,"column":6},"end":{"line":591,"column":44}},"316":{"start":{"line":592,"column":6},"end":{"line":592,"column":48}},"317":{"start":{"line":593,"column":6},"end":{"line":593,"column":44}},"318":{"start":{"line":594,"column":6},"end":{"line":594,"column":46}},"319":{"start":{"line":596,"column":4},"end":{"line":596,"column":37}},"320":{"start":{"line":598,"column":4},"end":{"line":598,"column":23}},"321":{"start":{"line":599,"column":4},"end":{"line":599,"column":48}},"322":{"start":{"line":604,"column":0},"end":{"line":612,"column":3}},"323":{"start":{"line":605,"column":2},"end":{"line":611,"column":3}},"324":{"start":{"line":606,"column":4},"end":{"line":606,"column":42}},"325":{"start":{"line":607,"column":4},"end":{"line":607,"column":29}},"326":{"start":{"line":609,"column":4},"end":{"line":609,"column":23}},"327":{"start":{"line":610,"column":4},"end":{"line":610,"column":48}},"328":{"start":{"line":615,"column":0},"end":{"line":623,"column":3}},"329":{"start":{"line":616,"column":2},"end":{"line":622,"column":3}},"330":{"start":{"line":617,"column":4},"end":{"line":617,"column":46}},"331":{"start":{"line":618,"column":4},"end":{"line":618,"column":28}},"332":{"start":{"line":620,"column":4},"end":{"line":620,"column":23}},"333":{"start":{"line":621,"column":4},"end":{"line":621,"column":47}},"334":{"start":{"line":626,"column":0},"end":{"line":639,"column":3}},"335":{"start":{"line":627,"column":22},"end":{"line":627,"column":30}},"336":{"start":{"line":628,"column":2},"end":{"line":630,"column":3}},"337":{"start":{"line":629,"column":4},"end":{"line":629,"column":51}},"338":{"start":{"line":632,"column":2},"end":{"line":638,"column":3}},"339":{"start":{"line":633,"column":4},"end":{"line":633,"column":67}},"340":{"start":{"line":634,"column":4},"end":{"line":634,"column":39}},"341":{"start":{"line":636,"column":4},"end":{"line":636,"column":23}},"342":{"start":{"line":637,"column":4},"end":{"line":637,"column":46}},"343":{"start":{"line":642,"column":0},"end":{"line":655,"column":3}},"344":{"start":{"line":643,"column":28},"end":{"line":643,"column":36}},"345":{"start":{"line":644,"column":2},"end":{"line":646,"column":3}},"346":{"start":{"line":645,"column":4},"end":{"line":645,"column":52}},"347":{"start":{"line":648,"column":2},"end":{"line":654,"column":3}},"348":{"start":{"line":649,"column":4},"end":{"line":649,"column":48}},"349":{"start":{"line":650,"column":4},"end":{"line":650,"column":39}},"350":{"start":{"line":652,"column":4},"end":{"line":652,"column":23}},"351":{"start":{"line":653,"column":4},"end":{"line":653,"column":50}},"352":{"start":{"line":658,"column":0},"end":{"line":671,"column":3}},"353":{"start":{"line":659,"column":20},"end":{"line":659,"column":28}},"354":{"start":{"line":660,"column":2},"end":{"line":662,"column":3}},"355":{"start":{"line":661,"column":4},"end":{"line":661,"column":53}},"356":{"start":{"line":664,"column":2},"end":{"line":670,"column":3}},"357":{"start":{"line":665,"column":4},"end":{"line":665,"column":44}},"358":{"start":{"line":666,"column":4},"end":{"line":666,"column":39}},"359":{"start":{"line":668,"column":4},"end":{"line":668,"column":23}},"360":{"start":{"line":669,"column":4},"end":{"line":669,"column":50}},"361":{"start":{"line":673,"column":0},"end":{"line":683,"column":3}},"362":{"start":{"line":674,"column":2},"end":{"line":682,"column":3}},"363":{"start":{"line":675,"column":18},"end":{"line":675,"column":48}},"364":{"start":{"line":676,"column":22},"end":{"line":676,"column":64}},"365":{"start":{"line":677,"column":22},"end":{"line":677,"column":56}},"366":{"start":{"line":678,"column":4},"end":{"line":678,"column":78}},"367":{"start":{"line":680,"column":4},"end":{"line":680,"column":23}},"368":{"start":{"line":681,"column":4},"end":{"line":681,"column":51}},"369":{"start":{"line":687,"column":0},"end":{"line":696,"column":3}},"370":{"start":{"line":688,"column":21},"end":{"line":688,"column":31}},"371":{"start":{"line":689,"column":2},"end":{"line":695,"column":3}},"372":{"start":{"line":690,"column":18},"end":{"line":690,"column":79}},"373":{"start":{"line":691,"column":4},"end":{"line":691,"column":20}},"374":{"start":{"line":693,"column":4},"end":{"line":693,"column":23}},"375":{"start":{"line":694,"column":4},"end":{"line":694,"column":60}},"376":{"start":{"line":699,"column":0},"end":{"line":708,"column":3}},"377":{"start":{"line":700,"column":21},"end":{"line":700,"column":31}},"378":{"start":{"line":701,"column":2},"end":{"line":707,"column":3}},"379":{"start":{"line":702,"column":18},"end":{"line":702,"column":83}},"380":{"start":{"line":703,"column":4},"end":{"line":703,"column":20}},"381":{"start":{"line":705,"column":4},"end":{"line":705,"column":23}},"382":{"start":{"line":706,"column":4},"end":{"line":706,"column":60}},"383":{"start":{"line":711,"column":0},"end":{"line":724,"column":3}},"384":{"start":{"line":712,"column":26},"end":{"line":712,"column":34}},"385":{"start":{"line":713,"column":2},"end":{"line":715,"column":3}},"386":{"start":{"line":714,"column":4},"end":{"line":714,"column":50}},"387":{"start":{"line":717,"column":2},"end":{"line":723,"column":3}},"388":{"start":{"line":718,"column":4},"end":{"line":718,"column":79}},"389":{"start":{"line":719,"column":4},"end":{"line":719,"column":39}},"390":{"start":{"line":721,"column":4},"end":{"line":721,"column":23}},"391":{"start":{"line":722,"column":4},"end":{"line":722,"column":45}},"392":{"start":{"line":727,"column":0},"end":{"line":740,"column":3}},"393":{"start":{"line":728,"column":20},"end":{"line":728,"column":29}},"394":{"start":{"line":729,"column":2},"end":{"line":731,"column":3}},"395":{"start":{"line":730,"column":4},"end":{"line":730,"column":24}},"396":{"start":{"line":733,"column":2},"end":{"line":739,"column":3}},"397":{"start":{"line":734,"column":18},"end":{"line":734,"column":60}},"398":{"start":{"line":735,"column":4},"end":{"line":735,"column":20}},"399":{"start":{"line":737,"column":4},"end":{"line":737,"column":23}},"400":{"start":{"line":738,"column":4},"end":{"line":738,"column":57}},"401":{"start":{"line":742,"column":0},"end":{"line":742,"column":21}}},"fnMap":{"0":{"name":"(anonymous_0)","decl":{"start":{"line":22,"column":1},"end":{"line":22,"column":2}},"loc":{"start":{"line":22,"column":13},"end":{"line":29,"column":1}},"line":22},"1":{"name":"(anonymous_1)","decl":{"start":{"line":25,"column":19},"end":{"line":25,"column":20}},"loc":{"start":{"line":25,"column":25},"end":{"line":28,"column":3}},"line":25},"2":{"name":"calculateStatus","decl":{"start":{"line":65,"column":9},"end":{"line":65,"column":24}},"loc":{"start":{"line":65,"column":56},"end":{"line":74,"column":1}},"line":65},"3":{"name":"authMiddleware","decl":{"start":{"line":77,"column":9},"end":{"line":77,"column":23}},"loc":{"start":{"line":77,"column":40},"end":{"line":98,"column":1}},"line":77},"4":{"name":"(anonymous_4)","decl":{"start":{"line":87,"column":38},"end":{"line":87,"column":39}},"loc":{"start":{"line":87,"column":49},"end":{"line":87,"column":71}},"line":87},"5":{"name":"(anonymous_5)","decl":{"start":{"line":102,"column":10},"end":{"line":102,"column":11}},"loc":{"start":{"line":102,"column":30},"end":{"line":109,"column":3}},"line":102},"6":{"name":"(anonymous_6)","decl":{"start":{"line":115,"column":13},"end":{"line":115,"column":14}},"loc":{"start":{"line":115,"column":27},"end":{"line":117,"column":1}},"line":115},"7":{"name":"(anonymous_7)","decl":{"start":{"line":120,"column":19},"end":{"line":120,"column":20}},"loc":{"start":{"line":120,"column":33},"end":{"line":122,"column":1}},"line":120},"8":{"name":"(anonymous_8)","decl":{"start":{"line":121,"column":22},"end":{"line":121,"column":23}},"loc":{"start":{"line":121,"column":28},"end":{"line":121,"column":45}},"line":121},"9":{"name":"(anonymous_9)","decl":{"start":{"line":125,"column":21},"end":{"line":125,"column":22}},"loc":{"start":{"line":125,"column":35},"end":{"line":127,"column":1}},"line":125},"10":{"name":"(anonymous_10)","decl":{"start":{"line":130,"column":30},"end":{"line":130,"column":31}},"loc":{"start":{"line":130,"column":50},"end":{"line":142,"column":1}},"line":130},"11":{"name":"(anonymous_11)","decl":{"start":{"line":144,"column":22},"end":{"line":144,"column":23}},"loc":{"start":{"line":144,"column":42},"end":{"line":183,"column":1}},"line":144},"12":{"name":"(anonymous_12)","decl":{"start":{"line":186,"column":25},"end":{"line":186,"column":26}},"loc":{"start":{"line":186,"column":45},"end":{"line":213,"column":1}},"line":186},"13":{"name":"(anonymous_13)","decl":{"start":{"line":216,"column":31},"end":{"line":216,"column":32}},"loc":{"start":{"line":216,"column":51},"end":{"line":242,"column":1}},"line":216},"14":{"name":"(anonymous_14)","decl":{"start":{"line":245,"column":39},"end":{"line":245,"column":40}},"loc":{"start":{"line":245,"column":59},"end":{"line":280,"column":1}},"line":245},"15":{"name":"(anonymous_15)","decl":{"start":{"line":282,"column":33},"end":{"line":282,"column":34}},"loc":{"start":{"line":282,"column":47},"end":{"line":318,"column":1}},"line":282},"16":{"name":"(anonymous_16)","decl":{"start":{"line":297,"column":12},"end":{"line":297,"column":13}},"loc":{"start":{"line":297,"column":22},"end":{"line":297,"column":60}},"line":297},"17":{"name":"(anonymous_17)","decl":{"start":{"line":321,"column":38},"end":{"line":321,"column":39}},"loc":{"start":{"line":321,"column":58},"end":{"line":351,"column":1}},"line":321},"18":{"name":"(anonymous_18)","decl":{"start":{"line":354,"column":54},"end":{"line":354,"column":55}},"loc":{"start":{"line":354,"column":74},"end":{"line":370,"column":1}},"line":354},"19":{"name":"(anonymous_19)","decl":{"start":{"line":358,"column":72},"end":{"line":358,"column":73}},"loc":{"start":{"line":358,"column":77},"end":{"line":358,"column":97}},"line":358},"20":{"name":"(anonymous_20)","decl":{"start":{"line":373,"column":53},"end":{"line":373,"column":54}},"loc":{"start":{"line":373,"column":73},"end":{"line":394,"column":1}},"line":373},"21":{"name":"(anonymous_21)","decl":{"start":{"line":378,"column":72},"end":{"line":378,"column":73}},"loc":{"start":{"line":378,"column":77},"end":{"line":378,"column":97}},"line":378},"22":{"name":"(anonymous_22)","decl":{"start":{"line":397,"column":41},"end":{"line":397,"column":42}},"loc":{"start":{"line":397,"column":61},"end":{"line":417,"column":1}},"line":397},"23":{"name":"(anonymous_23)","decl":{"start":{"line":420,"column":41},"end":{"line":420,"column":42}},"loc":{"start":{"line":420,"column":61},"end":{"line":441,"column":1}},"line":420},"24":{"name":"(anonymous_24)","decl":{"start":{"line":432,"column":12},"end":{"line":432,"column":13}},"loc":{"start":{"line":432,"column":18},"end":{"line":432,"column":55}},"line":432},"25":{"name":"(anonymous_25)","decl":{"start":{"line":433,"column":12},"end":{"line":433,"column":13}},"loc":{"start":{"line":433,"column":18},"end":{"line":433,"column":63}},"line":433},"26":{"name":"(anonymous_26)","decl":{"start":{"line":434,"column":12},"end":{"line":434,"column":13}},"loc":{"start":{"line":434,"column":18},"end":{"line":434,"column":65}},"line":434},"27":{"name":"(anonymous_27)","decl":{"start":{"line":444,"column":46},"end":{"line":444,"column":47}},"loc":{"start":{"line":444,"column":66},"end":{"line":456,"column":1}},"line":444},"28":{"name":"(anonymous_28)","decl":{"start":{"line":459,"column":48},"end":{"line":459,"column":49}},"loc":{"start":{"line":459,"column":68},"end":{"line":484,"column":1}},"line":459},"29":{"name":"(anonymous_29)","decl":{"start":{"line":473,"column":14},"end":{"line":473,"column":15}},"loc":{"start":{"line":473,"column":20},"end":{"line":473,"column":57}},"line":473},"30":{"name":"(anonymous_30)","decl":{"start":{"line":474,"column":14},"end":{"line":474,"column":15}},"loc":{"start":{"line":474,"column":20},"end":{"line":474,"column":65}},"line":474},"31":{"name":"(anonymous_31)","decl":{"start":{"line":487,"column":24},"end":{"line":487,"column":25}},"loc":{"start":{"line":487,"column":44},"end":{"line":507,"column":1}},"line":487},"32":{"name":"(anonymous_32)","decl":{"start":{"line":510,"column":8},"end":{"line":510,"column":9}},"loc":{"start":{"line":510,"column":33},"end":{"line":513,"column":1}},"line":510},"33":{"name":"(anonymous_33)","decl":{"start":{"line":525,"column":28},"end":{"line":525,"column":29}},"loc":{"start":{"line":525,"column":48},"end":{"line":556,"column":1}},"line":525},"34":{"name":"(anonymous_34)","decl":{"start":{"line":559,"column":29},"end":{"line":559,"column":30}},"loc":{"start":{"line":559,"column":49},"end":{"line":583,"column":1}},"line":559},"35":{"name":"(anonymous_35)","decl":{"start":{"line":587,"column":40},"end":{"line":587,"column":41}},"loc":{"start":{"line":587,"column":60},"end":{"line":601,"column":1}},"line":587},"36":{"name":"(anonymous_36)","decl":{"start":{"line":590,"column":25},"end":{"line":590,"column":26}},"loc":{"start":{"line":590,"column":31},"end":{"line":595,"column":5}},"line":590},"37":{"name":"(anonymous_37)","decl":{"start":{"line":604,"column":44},"end":{"line":604,"column":45}},"loc":{"start":{"line":604,"column":64},"end":{"line":612,"column":1}},"line":604},"38":{"name":"(anonymous_38)","decl":{"start":{"line":615,"column":48},"end":{"line":615,"column":49}},"loc":{"start":{"line":615,"column":68},"end":{"line":623,"column":1}},"line":615},"39":{"name":"(anonymous_39)","decl":{"start":{"line":626,"column":43},"end":{"line":626,"column":44}},"loc":{"start":{"line":626,"column":63},"end":{"line":639,"column":1}},"line":626},"40":{"name":"(anonymous_40)","decl":{"start":{"line":642,"column":45},"end":{"line":642,"column":46}},"loc":{"start":{"line":642,"column":65},"end":{"line":655,"column":1}},"line":642},"41":{"name":"(anonymous_41)","decl":{"start":{"line":658,"column":48},"end":{"line":658,"column":49}},"loc":{"start":{"line":658,"column":68},"end":{"line":671,"column":1}},"line":658},"42":{"name":"(anonymous_42)","decl":{"start":{"line":673,"column":30},"end":{"line":673,"column":31}},"loc":{"start":{"line":673,"column":50},"end":{"line":683,"column":1}},"line":673},"43":{"name":"(anonymous_43)","decl":{"start":{"line":687,"column":44},"end":{"line":687,"column":45}},"loc":{"start":{"line":687,"column":58},"end":{"line":696,"column":1}},"line":687},"44":{"name":"(anonymous_44)","decl":{"start":{"line":699,"column":43},"end":{"line":699,"column":44}},"loc":{"start":{"line":699,"column":57},"end":{"line":708,"column":1}},"line":699},"45":{"name":"(anonymous_45)","decl":{"start":{"line":711,"column":47},"end":{"line":711,"column":48}},"loc":{"start":{"line":711,"column":67},"end":{"line":724,"column":1}},"line":711},"46":{"name":"(anonymous_46)","decl":{"start":{"line":727,"column":22},"end":{"line":727,"column":23}},"loc":{"start":{"line":727,"column":36},"end":{"line":740,"column":1}},"line":727}},"branchMap":{"0":{"loc":{"start":{"line":32,"column":17},"end":{"line":32,"column":44}},"type":"binary-expr","locations":[{"start":{"line":32,"column":17},"end":{"line":32,"column":38}},{"start":{"line":32,"column":42},"end":{"line":32,"column":44}}],"line":32},"1":{"loc":{"start":{"line":40,"column":0},"end":{"line":42,"column":1}},"type":"if","locations":[{"start":{"line":40,"column":0},"end":{"line":42,"column":1}},{"start":{},"end":{}}],"line":40},"2":{"loc":{"start":{"line":70,"column":2},"end":{"line":70,"column":40}},"type":"if","locations":[{"start":{"line":70,"column":2},"end":{"line":70,"column":40}},{"start":{},"end":{}}],"line":70},"3":{"loc":{"start":{"line":71,"column":2},"end":{"line":71,"column":38}},"type":"if","locations":[{"start":{"line":71,"column":2},"end":{"line":71,"column":38}},{"start":{},"end":{}}],"line":71},"4":{"loc":{"start":{"line":72,"column":2},"end":{"line":72,"column":40}},"type":"if","locations":[{"start":{"line":72,"column":2},"end":{"line":72,"column":40}},{"start":{},"end":{}}],"line":72},"5":{"loc":{"start":{"line":90,"column":2},"end":{"line":92,"column":3}},"type":"if","locations":[{"start":{"line":90,"column":2},"end":{"line":92,"column":3}},{"start":{},"end":{}}],"line":90},"6":{"loc":{"start":{"line":94,"column":2},"end":{"line":96,"column":3}},"type":"if","locations":[{"start":{"line":94,"column":2},"end":{"line":96,"column":3}},{"start":{},"end":{}}],"line":94},"7":{"loc":{"start":{"line":94,"column":6},"end":{"line":94,"column":53}},"type":"binary-expr","locations":[{"start":{"line":94,"column":6},"end":{"line":94,"column":23}},{"start":{"line":94,"column":27},"end":{"line":94,"column":37}},{"start":{"line":94,"column":41},"end":{"line":94,"column":53}}],"line":94},"8":{"loc":{"start":{"line":101,"column":0},"end":{"line":112,"column":1}},"type":"if","locations":[{"start":{"line":101,"column":0},"end":{"line":112,"column":1}},{"start":{"line":110,"column":7},"end":{"line":112,"column":1}}],"line":101},"9":{"loc":{"start":{"line":134,"column":4},"end":{"line":136,"column":5}},"type":"if","locations":[{"start":{"line":134,"column":4},"end":{"line":136,"column":5}},{"start":{},"end":{}}],"line":134},"10":{"loc":{"start":{"line":146,"column":2},"end":{"line":146,"column":82}},"type":"if","locations":[{"start":{"line":146,"column":2},"end":{"line":146,"column":82}},{"start":{},"end":{}}],"line":146},"11":{"loc":{"start":{"line":146,"column":6},"end":{"line":146,"column":47}},"type":"binary-expr","locations":[{"start":{"line":146,"column":6},"end":{"line":146,"column":16}},{"start":{"line":146,"column":20},"end":{"line":146,"column":26}},{"start":{"line":146,"column":30},"end":{"line":146,"column":47}}],"line":146},"12":{"loc":{"start":{"line":151,"column":4},"end":{"line":153,"column":5}},"type":"if","locations":[{"start":{"line":151,"column":4},"end":{"line":153,"column":5}},{"start":{},"end":{}}],"line":151},"13":{"loc":{"start":{"line":158,"column":6},"end":{"line":160,"column":7}},"type":"if","locations":[{"start":{"line":158,"column":6},"end":{"line":160,"column":7}},{"start":{},"end":{}}],"line":158},"14":{"loc":{"start":{"line":191,"column":4},"end":{"line":197,"column":5}},"type":"if","locations":[{"start":{"line":191,"column":4},"end":{"line":197,"column":5}},{"start":{},"end":{}}],"line":191},"15":{"loc":{"start":{"line":191,"column":8},"end":{"line":191,"column":64}},"type":"binary-expr","locations":[{"start":{"line":191,"column":8},"end":{"line":191,"column":25}},{"start":{"line":191,"column":29},"end":{"line":191,"column":64}}],"line":191},"16":{"loc":{"start":{"line":193,"column":6},"end":{"line":195,"column":7}},"type":"if","locations":[{"start":{"line":193,"column":6},"end":{"line":195,"column":7}},{"start":{},"end":{}}],"line":193},"17":{"loc":{"start":{"line":218,"column":2},"end":{"line":218,"column":50}},"type":"if","locations":[{"start":{"line":218,"column":2},"end":{"line":218,"column":50}},{"start":{},"end":{}}],"line":218},"18":{"loc":{"start":{"line":221,"column":2},"end":{"line":221,"column":78}},"type":"if","locations":[{"start":{"line":221,"column":2},"end":{"line":221,"column":78}},{"start":{},"end":{}}],"line":221},"19":{"loc":{"start":{"line":224,"column":2},"end":{"line":224,"column":83}},"type":"if","locations":[{"start":{"line":224,"column":2},"end":{"line":224,"column":83}},{"start":{},"end":{}}],"line":224},"20":{"loc":{"start":{"line":224,"column":6},"end":{"line":224,"column":37}},"type":"binary-expr","locations":[{"start":{"line":224,"column":6},"end":{"line":224,"column":16}},{"start":{"line":224,"column":20},"end":{"line":224,"column":37}}],"line":224},"21":{"loc":{"start":{"line":247,"column":2},"end":{"line":250,"column":3}},"type":"if","locations":[{"start":{"line":247,"column":2},"end":{"line":250,"column":3}},{"start":{},"end":{}}],"line":247},"22":{"loc":{"start":{"line":253,"column":2},"end":{"line":253,"column":67}},"type":"if","locations":[{"start":{"line":253,"column":2},"end":{"line":253,"column":67}},{"start":{},"end":{}}],"line":253},"23":{"loc":{"start":{"line":288,"column":4},"end":{"line":290,"column":5}},"type":"if","locations":[{"start":{"line":288,"column":4},"end":{"line":290,"column":5}},{"start":{},"end":{}}],"line":288},"24":{"loc":{"start":{"line":292,"column":4},"end":{"line":294,"column":5}},"type":"if","locations":[{"start":{"line":292,"column":4},"end":{"line":294,"column":5}},{"start":{},"end":{}}],"line":292},"25":{"loc":{"start":{"line":299,"column":4},"end":{"line":301,"column":5}},"type":"if","locations":[{"start":{"line":299,"column":4},"end":{"line":301,"column":5}},{"start":{},"end":{}}],"line":299},"26":{"loc":{"start":{"line":327,"column":31},"end":{"line":327,"column":44}},"type":"binary-expr","locations":[{"start":{"line":327,"column":31},"end":{"line":327,"column":37}},{"start":{"line":327,"column":41},"end":{"line":327,"column":44}}],"line":327},"27":{"loc":{"start":{"line":328,"column":30},"end":{"line":328,"column":42}},"type":"binary-expr","locations":[{"start":{"line":328,"column":30},"end":{"line":328,"column":35}},{"start":{"line":328,"column":39},"end":{"line":328,"column":42}}],"line":328},"28":{"loc":{"start":{"line":329,"column":31},"end":{"line":329,"column":44}},"type":"binary-expr","locations":[{"start":{"line":329,"column":31},"end":{"line":329,"column":37}},{"start":{"line":329,"column":41},"end":{"line":329,"column":44}}],"line":329},"29":{"loc":{"start":{"line":330,"column":31},"end":{"line":330,"column":44}},"type":"binary-expr","locations":[{"start":{"line":330,"column":31},"end":{"line":330,"column":37}},{"start":{"line":330,"column":41},"end":{"line":330,"column":44}}],"line":330},"30":{"loc":{"start":{"line":359,"column":4},"end":{"line":359,"column":62}},"type":"if","locations":[{"start":{"line":359,"column":4},"end":{"line":359,"column":62}},{"start":{},"end":{}}],"line":359},"31":{"loc":{"start":{"line":361,"column":4},"end":{"line":361,"column":60}},"type":"if","locations":[{"start":{"line":361,"column":4},"end":{"line":361,"column":60}},{"start":{},"end":{}}],"line":361},"32":{"loc":{"start":{"line":362,"column":4},"end":{"line":362,"column":73}},"type":"if","locations":[{"start":{"line":362,"column":4},"end":{"line":362,"column":73}},{"start":{},"end":{}}],"line":362},"33":{"loc":{"start":{"line":363,"column":4},"end":{"line":363,"column":103}},"type":"if","locations":[{"start":{"line":363,"column":4},"end":{"line":363,"column":103}},{"start":{},"end":{}}],"line":363},"34":{"loc":{"start":{"line":363,"column":8},"end":{"line":363,"column":56}},"type":"binary-expr","locations":[{"start":{"line":363,"column":8},"end":{"line":363,"column":24}},{"start":{"line":363,"column":28},"end":{"line":363,"column":56}}],"line":363},"35":{"loc":{"start":{"line":379,"column":4},"end":{"line":379,"column":62}},"type":"if","locations":[{"start":{"line":379,"column":4},"end":{"line":379,"column":62}},{"start":{},"end":{}}],"line":379},"36":{"loc":{"start":{"line":383,"column":4},"end":{"line":388,"column":5}},"type":"if","locations":[{"start":{"line":383,"column":4},"end":{"line":388,"column":5}},{"start":{"line":386,"column":11},"end":{"line":388,"column":5}}],"line":383},"37":{"loc":{"start":{"line":383,"column":8},"end":{"line":383,"column":59}},"type":"binary-expr","locations":[{"start":{"line":383,"column":8},"end":{"line":383,"column":41}},{"start":{"line":383,"column":45},"end":{"line":383,"column":59}}],"line":383},"38":{"loc":{"start":{"line":403,"column":4},"end":{"line":405,"column":5}},"type":"if","locations":[{"start":{"line":403,"column":4},"end":{"line":405,"column":5}},{"start":{},"end":{}}],"line":403},"39":{"loc":{"start":{"line":423,"column":2},"end":{"line":423,"column":43}},"type":"if","locations":[{"start":{"line":423,"column":2},"end":{"line":423,"column":43}},{"start":{},"end":{}}],"line":423},"40":{"loc":{"start":{"line":427,"column":4},"end":{"line":429,"column":5}},"type":"if","locations":[{"start":{"line":427,"column":4},"end":{"line":429,"column":5}},{"start":{},"end":{}}],"line":427},"41":{"loc":{"start":{"line":427,"column":8},"end":{"line":427,"column":57}},"type":"binary-expr","locations":[{"start":{"line":427,"column":8},"end":{"line":427,"column":17}},{"start":{"line":427,"column":21},"end":{"line":427,"column":57}}],"line":427},"42":{"loc":{"start":{"line":448,"column":2},"end":{"line":448,"column":63}},"type":"if","locations":[{"start":{"line":448,"column":2},"end":{"line":448,"column":63}},{"start":{},"end":{}}],"line":448},"43":{"loc":{"start":{"line":464,"column":2},"end":{"line":464,"column":43}},"type":"if","locations":[{"start":{"line":464,"column":2},"end":{"line":464,"column":43}},{"start":{},"end":{}}],"line":464},"44":{"loc":{"start":{"line":471,"column":4},"end":{"line":478,"column":5}},"type":"if","locations":[{"start":{"line":471,"column":4},"end":{"line":478,"column":5}},{"start":{},"end":{}}],"line":471},"45":{"loc":{"start":{"line":489,"column":2},"end":{"line":489,"column":82}},"type":"if","locations":[{"start":{"line":489,"column":2},"end":{"line":489,"column":82}},{"start":{},"end":{}}],"line":489},"46":{"loc":{"start":{"line":489,"column":6},"end":{"line":489,"column":32}},"type":"binary-expr","locations":[{"start":{"line":489,"column":6},"end":{"line":489,"column":18}},{"start":{"line":489,"column":22},"end":{"line":489,"column":32}}],"line":489},"47":{"loc":{"start":{"line":493,"column":4},"end":{"line":495,"column":5}},"type":"if","locations":[{"start":{"line":493,"column":4},"end":{"line":495,"column":5}},{"start":{},"end":{}}],"line":493},"48":{"loc":{"start":{"line":529,"column":2},"end":{"line":531,"column":3}},"type":"if","locations":[{"start":{"line":529,"column":2},"end":{"line":531,"column":3}},{"start":{},"end":{}}],"line":529},"49":{"loc":{"start":{"line":535,"column":4},"end":{"line":537,"column":5}},"type":"if","locations":[{"start":{"line":535,"column":4},"end":{"line":537,"column":5}},{"start":{},"end":{}}],"line":535},"50":{"loc":{"start":{"line":539,"column":20},"end":{"line":539,"column":70}},"type":"binary-expr","locations":[{"start":{"line":539,"column":20},"end":{"line":539,"column":40}},{"start":{"line":539,"column":44},"end":{"line":539,"column":70}}],"line":539},"51":{"loc":{"start":{"line":561,"column":19},"end":{"line":561,"column":46}},"type":"binary-expr","locations":[{"start":{"line":561,"column":19},"end":{"line":561,"column":40}},{"start":{"line":561,"column":44},"end":{"line":561,"column":46}}],"line":561},"52":{"loc":{"start":{"line":562,"column":2},"end":{"line":564,"column":3}},"type":"if","locations":[{"start":{"line":562,"column":2},"end":{"line":564,"column":3}},{"start":{},"end":{}}],"line":562},"53":{"loc":{"start":{"line":628,"column":2},"end":{"line":630,"column":3}},"type":"if","locations":[{"start":{"line":628,"column":2},"end":{"line":630,"column":3}},{"start":{},"end":{}}],"line":628},"54":{"loc":{"start":{"line":644,"column":2},"end":{"line":646,"column":3}},"type":"if","locations":[{"start":{"line":644,"column":2},"end":{"line":646,"column":3}},{"start":{},"end":{}}],"line":644},"55":{"loc":{"start":{"line":649,"column":34},"end":{"line":649,"column":46}},"type":"binary-expr","locations":[{"start":{"line":649,"column":34},"end":{"line":649,"column":40}},{"start":{"line":649,"column":44},"end":{"line":649,"column":46}}],"line":649},"56":{"loc":{"start":{"line":660,"column":2},"end":{"line":662,"column":3}},"type":"if","locations":[{"start":{"line":660,"column":2},"end":{"line":662,"column":3}},{"start":{},"end":{}}],"line":660},"57":{"loc":{"start":{"line":713,"column":2},"end":{"line":715,"column":3}},"type":"if","locations":[{"start":{"line":713,"column":2},"end":{"line":715,"column":3}},{"start":{},"end":{}}],"line":713},"58":{"loc":{"start":{"line":729,"column":2},"end":{"line":731,"column":3}},"type":"if","locations":[{"start":{"line":729,"column":2},"end":{"line":731,"column":3}},{"start":{},"end":{}}],"line":729},"59":{"loc":{"start":{"line":729,"column":6},"end":{"line":729,"column":35}},"type":"binary-expr","locations":[{"start":{"line":729,"column":6},"end":{"line":729,"column":12}},{"start":{"line":729,"column":16},"end":{"line":729,"column":35}}],"line":729}},"s":{"0":5,"1":5,"2":5,"3":5,"4":5,"5":5,"6":5,"7":5,"8":5,"9":5,"10":5,"11":5,"12":5,"13":5,"14":5,"15":5,"16":5,"17":5,"18":5,"19":5,"20":5,"21":5,"22":5,"23":5,"24":5,"25":5,"26":0,"27":5,"28":5,"29":5,"30":5,"31":5,"32":5,"33":0,"34":0,"35":0,"36":0,"37":0,"38":0,"39":0,"40":0,"41":0,"42":0,"43":0,"44":0,"45":0,"46":0,"47":0,"48":0,"49":0,"50":0,"51":0,"52":0,"53":0,"54":5,"55":5,"56":12,"57":12,"58":0,"59":5,"60":1,"61":5,"62":0,"63":0,"64":5,"65":0,"66":5,"67":0,"68":0,"69":0,"70":0,"71":0,"72":0,"73":0,"74":0,"75":5,"76":1,"77":1,"78":0,"79":1,"80":1,"81":1,"82":1,"83":0,"84":1,"85":1,"86":1,"87":1,"88":1,"89":0,"90":0,"91":0,"92":1,"93":1,"94":1,"95":1,"96":1,"97":1,"98":0,"99":0,"100":5,"101":2,"102":2,"103":2,"104":1,"105":1,"106":1,"107":0,"108":1,"109":1,"110":4,"111":4,"112":1,"113":0,"114":5,"115":0,"116":0,"117":0,"118":0,"119":0,"120":0,"121":0,"122":0,"123":0,"124":0,"125":0,"126":0,"127":0,"128":0,"129":0,"130":0,"131":5,"132":1,"133":1,"134":0,"135":0,"136":1,"137":1,"138":0,"139":1,"140":1,"141":1,"142":1,"143":1,"144":1,"145":1,"146":1,"147":1,"148":0,"149":0,"150":5,"151":2,"152":2,"153":2,"154":2,"155":2,"156":1,"157":1,"158":0,"159":1,"160":1,"161":1,"162":0,"163":1,"164":1,"165":1,"166":0,"167":0,"168":5,"169":0,"170":0,"171":0,"172":0,"173":0,"174":0,"175":0,"176":0,"177":0,"178":0,"179":0,"180":0,"181":0,"182":5,"183":0,"184":0,"185":0,"186":0,"187":0,"188":0,"189":0,"190":0,"191":0,"192":0,"193":0,"194":0,"195":0,"196":0,"197":0,"198":0,"199":0,"200":0,"201":5,"202":0,"203":0,"204":0,"205":0,"206":0,"207":0,"208":0,"209":0,"210":0,"211":0,"212":0,"213":0,"214":0,"215":0,"216":0,"217":0,"218":5,"219":0,"220":0,"221":0,"222":0,"223":0,"224":0,"225":0,"226":0,"227":0,"228":5,"229":0,"230":0,"231":0,"232":0,"233":0,"234":0,"235":0,"236":0,"237":0,"238":0,"239":0,"240":0,"241":0,"242":0,"243":5,"244":0,"245":0,"246":0,"247":0,"248":0,"249":0,"250":0,"251":0,"252":5,"253":0,"254":0,"255":0,"256":0,"257":0,"258":0,"259":0,"260":0,"261":0,"262":0,"263":0,"264":0,"265":0,"266":0,"267":0,"268":5,"269":0,"270":0,"271":0,"272":0,"273":0,"274":0,"275":0,"276":0,"277":0,"278":0,"279":5,"280":0,"281":0,"282":5,"283":5,"284":0,"285":0,"286":0,"287":0,"288":0,"289":0,"290":0,"291":0,"292":0,"293":0,"294":0,"295":0,"296":0,"297":0,"298":0,"299":0,"300":5,"301":0,"302":0,"303":0,"304":0,"305":0,"306":0,"307":0,"308":0,"309":0,"310":0,"311":0,"312":5,"313":0,"314":0,"315":0,"316":0,"317":0,"318":0,"319":0,"320":0,"321":0,"322":5,"323":0,"324":0,"325":0,"326":0,"327":0,"328":5,"329":0,"330":0,"331":0,"332":0,"333":0,"334":5,"335":0,"336":0,"337":0,"338":0,"339":0,"340":0,"341":0,"342":0,"343":5,"344":0,"345":0,"346":0,"347":0,"348":0,"349":0,"350":0,"351":0,"352":5,"353":0,"354":0,"355":0,"356":0,"357":0,"358":0,"359":0,"360":0,"361":5,"362":0,"363":0,"364":0,"365":0,"366":0,"367":0,"368":0,"369":5,"370":0,"371":0,"372":0,"373":0,"374":0,"375":0,"376":5,"377":0,"378":0,"379":0,"380":0,"381":0,"382":0,"383":5,"384":0,"385":0,"386":0,"387":0,"388":0,"389":0,"390":0,"391":0,"392":5,"393":0,"394":0,"395":0,"396":0,"397":0,"398":0,"399":0,"400":0,"401":5},"f":{"0":5,"1":5,"2":0,"3":0,"4":0,"5":12,"6":1,"7":0,"8":0,"9":0,"10":0,"11":1,"12":2,"13":0,"14":1,"15":2,"16":1,"17":0,"18":0,"19":0,"20":0,"21":0,"22":0,"23":0,"24":0,"25":0,"26":0,"27":0,"28":0,"29":0,"30":0,"31":0,"32":0,"33":0,"34":0,"35":0,"36":0,"37":0,"38":0,"39":0,"40":0,"41":0,"42":0,"43":0,"44":0,"45":0,"46":0},"b":{"0":[5,0],"1":[0,5],"2":[0,0],"3":[0,0],"4":[0,0],"5":[0,0],"6":[0,0],"7":[0,0,0],"8":[5,0],"9":[0,0],"10":[0,1],"11":[1,1,1],"12":[0,1],"13":[0,1],"14":[1,1],"15":[2,2],"16":[1,0],"17":[0,0],"18":[0,0],"19":[0,0],"20":[0,0],"21":[0,1],"22":[0,1],"23":[1,1],"24":[0,1],"25":[0,1],"26":[0,0],"27":[0,0],"28":[0,0],"29":[0,0],"30":[0,0],"31":[0,0],"32":[0,0],"33":[0,0],"34":[0,0],"35":[0,0],"36":[0,0],"37":[0,0],"38":[0,0],"39":[0,0],"40":[0,0],"41":[0,0],"42":[0,0],"43":[0,0],"44":[0,0],"45":[0,0],"46":[0,0],"47":[0,0],"48":[0,0],"49":[0,0],"50":[0,0],"51":[0,0],"52":[0,0],"53":[0,0],"54":[0,0],"55":[0,0],"56":[0,0],"57":[0,0],"58":[0,0],"59":[0,0]},"_coverageSchema":"1a1c01bbd47fc00a2c39e90264f33305004495a9","hash":"141f8b79bd115d2a92b4c87a9c687c60b8b4f42a"}
,"C:\\Users\\yusakata\\work\\github.com\\xyslope\\zaikon\\db.js": {"path":"C:\\Users\\yusakata\\work\\github.com\\xyslope\\zaikon\\db.js","statementMap":{"0":{"start":{"line":1,"column":17},"end":{"line":1,"column":42}},"1":{"start":{"line":2,"column":13},"end":{"line":2,"column":28}},"2":{"start":{"line":3,"column":11},"end":{"line":3,"column":24}},"3":{"start":{"line":5,"column":15},"end":{"line":5,"column":116}},"4":{"start":{"line":6,"column":14},"end":{"line":6,"column":34}},"5":{"start":{"line":8,"column":0},"end":{"line":10,"column":1}},"6":{"start":{"line":9,"column":2},"end":{"line":9,"column":43}},"7":{"start":{"line":12,"column":11},"end":{"line":12,"column":72}},"8":{"start":{"line":14,"column":0},"end":{"line":14,"column":20}}},"fnMap":{},"branchMap":{"0":{"loc":{"start":{"line":5,"column":15},"end":{"line":5,"column":116}},"type":"cond-expr","locations":[{"start":{"line":5,"column":55},"end":{"line":5,"column":72}},{"start":{"line":5,"column":75},"end":{"line":5,"column":116}}],"line":5},"1":{"loc":{"start":{"line":8,"column":0},"end":{"line":10,"column":1}},"type":"if","locations":[{"start":{"line":8,"column":0},"end":{"line":10,"column":1}},{"start":{},"end":{}}],"line":8}},"s":{"0":5,"1":5,"2":5,"3":5,"4":5,"5":5,"6":0,"7":5,"8":5},"f":{},"b":{"0":[0,5],"1":[0,5]},"_coverageSchema":"1a1c01bbd47fc00a2c39e90264f33305004495a9","hash":"0447228cba2ce38940d891822738ddc49f663208"}
,"C:\\Users\\yusakata\\work\\github.com\\xyslope\\zaikon\\migrate_runner.js": {"path":"C:\\Users\\yusakata\\work\\github.com\\xyslope\\zaikon\\migrate_runner.js","statementMap":{"0":{"start":{"line":1,"column":11},"end":{"line":1,"column":24}},"1":{"start":{"line":2,"column":13},"end":{"line":2,"column":28}},"2":{"start":{"line":3,"column":11},"end":{"line":3,"column":26}},"3":{"start":{"line":7,"column":2},"end":{"line":13,"column":5}},"4":{"start":{"line":16,"column":18},"end":{"line":18,"column":3}},"5":{"start":{"line":17,"column":70},"end":{"line":17,"column":78}},"6":{"start":{"line":21,"column":24},"end":{"line":21,"column":58}},"7":{"start":{"line":22,"column":16},"end":{"line":24,"column":11}},"8":{"start":{"line":23,"column":20},"end":{"line":23,"column":46}},"9":{"start":{"line":26,"column":2},"end":{"line":54,"column":3}},"10":{"start":{"line":27,"column":4},"end":{"line":30,"column":5}},"11":{"start":{"line":29,"column":6},"end":{"line":29,"column":15}},"12":{"start":{"line":32,"column":4},"end":{"line":32,"column":47}},"13":{"start":{"line":33,"column":4},"end":{"line":53,"column":5}},"14":{"start":{"line":34,"column":24},"end":{"line":34,"column":63}},"15":{"start":{"line":35,"column":6},"end":{"line":41,"column":7}},"16":{"start":{"line":36,"column":8},"end":{"line":36,"column":32}},"17":{"start":{"line":37,"column":13},"end":{"line":41,"column":7}},"18":{"start":{"line":38,"column":8},"end":{"line":38,"column":28}},"19":{"start":{"line":40,"column":8},"end":{"line":40,"column":86}},"20":{"start":{"line":44,"column":22},"end":{"line":44,"column":47}},"21":{"start":{"line":45,"column":21},"end":{"line":45,"column":94}},"22":{"start":{"line":46,"column":6},"end":{"line":48,"column":7}},"23":{"start":{"line":47,"column":8},"end":{"line":47,"column":83}},"24":{"start":{"line":49,"column":6},"end":{"line":49,"column":48}},"25":{"start":{"line":51,"column":6},"end":{"line":51,"column":62}},"26":{"start":{"line":52,"column":6},"end":{"line":52,"column":22}},"27":{"start":{"line":56,"column":2},"end":{"line":56,"column":40}},"28":{"start":{"line":59,"column":0},"end":{"line":59,"column":31}},"29":{"start":{"line":62,"column":0},"end":{"line":64,"column":1}},"30":{"start":{"line":63,"column":2},"end":{"line":63,"column":18}}},"fnMap":{"0":{"name":"runMigrations","decl":{"start":{"line":5,"column":15},"end":{"line":5,"column":28}},"loc":{"start":{"line":5,"column":31},"end":{"line":57,"column":1}},"line":5},"1":{"name":"(anonymous_1)","decl":{"start":{"line":17,"column":63},"end":{"line":17,"column":64}},"loc":{"start":{"line":17,"column":70},"end":{"line":17,"column":78}},"line":17},"2":{"name":"(anonymous_2)","decl":{"start":{"line":23,"column":12},"end":{"line":23,"column":13}},"loc":{"start":{"line":23,"column":20},"end":{"line":23,"column":46}},"line":23}},"branchMap":{"0":{"loc":{"start":{"line":27,"column":4},"end":{"line":30,"column":5}},"type":"if","locations":[{"start":{"line":27,"column":4},"end":{"line":30,"column":5}},{"start":{},"end":{}}],"line":27},"1":{"loc":{"start":{"line":35,"column":6},"end":{"line":41,"column":7}},"type":"if","locations":[{"start":{"line":35,"column":6},"end":{"line":41,"column":7}},{"start":{"line":37,"column":13},"end":{"line":41,"column":7}}],"line":35},"2":{"loc":{"start":{"line":37,"column":13},"end":{"line":41,"column":7}},"type":"if","locations":[{"start":{"line":37,"column":13},"end":{"line":41,"column":7}},{"start":{"line":39,"column":13},"end":{"line":41,"column":7}}],"line":37},"3":{"loc":{"start":{"line":46,"column":6},"end":{"line":48,"column":7}},"type":"if","locations":[{"start":{"line":46,"column":6},"end":{"line":48,"column":7}},{"start":{},"end":{}}],"line":46},"4":{"loc":{"start":{"line":62,"column":0},"end":{"line":64,"column":1}},"type":"if","locations":[{"start":{"line":62,"column":0},"end":{"line":64,"column":1}},{"start":{},"end":{}}],"line":62}},"s":{"0":5,"1":5,"2":5,"3":5,"4":5,"5":20,"6":5,"7":5,"8":20,"9":5,"10":20,"11":20,"12":0,"13":0,"14":0,"15":0,"16":0,"17":0,"18":0,"19":0,"20":0,"21":0,"22":0,"23":0,"24":0,"25":0,"26":0,"27":5,"28":5,"29":5,"30":0},"f":{"0":5,"1":20,"2":20},"b":{"0":[20,0],"1":[0,0],"2":[0,0],"3":[0,0],"4":[0,5]},"_coverageSchema":"1a1c01bbd47fc00a2c39e90264f33305004495a9","hash":"061324379b6de12e46578198f49fc8ad629bc55a"}
,"C:\\Users\\yusakata\\work\\github.com\\xyslope\\zaikon\\repositories\\BanEmailRepository.js": {"path":"C:\\Users\\yusakata\\work\\github.com\\xyslope\\zaikon\\repositories\\BanEmailRepository.js","statementMap":{"0":{"start":{"line":1,"column":11},"end":{"line":1,"column":27}},"1":{"start":{"line":5,"column":17},"end":{"line":5,"column":108}},"2":{"start":{"line":6,"column":4},"end":{"line":6,"column":61}},"3":{"start":{"line":10,"column":4},"end":{"line":10,"column":85}},"4":{"start":{"line":14,"column":17},"end":{"line":14,"column":69}},"5":{"start":{"line":15,"column":4},"end":{"line":15,"column":27}},"6":{"start":{"line":19,"column":4},"end":{"line":19,"column":81}},"7":{"start":{"line":23,"column":0},"end":{"line":23,"column":36}}},"fnMap":{"0":{"name":"(anonymous_0)","decl":{"start":{"line":4,"column":2},"end":{"line":4,"column":3}},"loc":{"start":{"line":4,"column":33},"end":{"line":7,"column":3}},"line":4},"1":{"name":"(anonymous_1)","decl":{"start":{"line":9,"column":2},"end":{"line":9,"column":3}},"loc":{"start":{"line":9,"column":28},"end":{"line":11,"column":3}},"line":9},"2":{"name":"(anonymous_2)","decl":{"start":{"line":13,"column":2},"end":{"line":13,"column":3}},"loc":{"start":{"line":13,"column":30},"end":{"line":16,"column":3}},"line":13},"3":{"name":"(anonymous_3)","decl":{"start":{"line":18,"column":2},"end":{"line":18,"column":3}},"loc":{"start":{"line":18,"column":19},"end":{"line":20,"column":3}},"line":18}},"branchMap":{"0":{"loc":{"start":{"line":4,"column":20},"end":{"line":4,"column":31}},"type":"default-arg","locations":[{"start":{"line":4,"column":29},"end":{"line":4,"column":31}}],"line":4},"1":{"loc":{"start":{"line":10,"column":11},"end":{"line":10,"column":84}},"type":"binary-expr","locations":[{"start":{"line":10,"column":11},"end":{"line":10,"column":76}},{"start":{"line":10,"column":80},"end":{"line":10,"column":84}}],"line":10}},"s":{"0":5,"1":0,"2":0,"3":1,"4":0,"5":0,"6":0,"7":5},"f":{"0":0,"1":1,"2":0,"3":0},"b":{"0":[0],"1":[1,1]},"_coverageSchema":"1a1c01bbd47fc00a2c39e90264f33305004495a9","hash":"75dac25e3726d1d762f85e659eae34bb3dbbe88d"}
,"C:\\Users\\yusakata\\work\\github.com\\xyslope\\zaikon\\repositories\\ItemRepository.js": {"path":"C:\\Users\\yusakata\\work\\github.com\\xyslope\\zaikon\\repositories\\ItemRepository.js","statementMap":{"0":{"start":{"line":1,"column":11},"end":{"line":1,"column":27}},"1":{"start":{"line":6,"column":4},"end":{"line":10,"column":13}},"2":{"start":{"line":18,"column":8},"end":{"line":18,"column":16}},"3":{"start":{"line":19,"column":4},"end":{"line":28,"column":6}},"4":{"start":{"line":33,"column":4},"end":{"line":37,"column":30}},"5":{"start":{"line":42,"column":4},"end":{"line":45,"column":30}},"6":{"start":{"line":50,"column":4},"end":{"line":54,"column":23}},"7":{"start":{"line":58,"column":4},"end":{"line":58,"column":89}},"8":{"start":{"line":63,"column":4},"end":{"line":67,"column":40}},"9":{"start":{"line":72,"column":4},"end":{"line":76,"column":29}},"10":{"start":{"line":81,"column":16},"end":{"line":86,"column":5}},"11":{"start":{"line":87,"column":19},"end":{"line":87,"column":27}},"12":{"start":{"line":89,"column":4},"end":{"line":92,"column":5}},"13":{"start":{"line":90,"column":6},"end":{"line":90,"column":34}},"14":{"start":{"line":91,"column":6},"end":{"line":91,"column":25}},"15":{"start":{"line":93,"column":4},"end":{"line":96,"column":5}},"16":{"start":{"line":94,"column":6},"end":{"line":94,"column":35}},"17":{"start":{"line":95,"column":6},"end":{"line":95,"column":26}},"18":{"start":{"line":97,"column":4},"end":{"line":97,"column":44}},"19":{"start":{"line":101,"column":0},"end":{"line":101,"column":32}}},"fnMap":{"0":{"name":"(anonymous_0)","decl":{"start":{"line":5,"column":2},"end":{"line":5,"column":3}},"loc":{"start":{"line":5,"column":23},"end":{"line":11,"column":3}},"line":5},"1":{"name":"(anonymous_1)","decl":{"start":{"line":14,"column":2},"end":{"line":14,"column":3}},"loc":{"start":{"line":14,"column":27},"end":{"line":29,"column":3}},"line":14},"2":{"name":"(anonymous_2)","decl":{"start":{"line":32,"column":2},"end":{"line":32,"column":3}},"loc":{"start":{"line":32,"column":45},"end":{"line":38,"column":3}},"line":32},"3":{"name":"(anonymous_3)","decl":{"start":{"line":41,"column":2},"end":{"line":41,"column":3}},"loc":{"start":{"line":41,"column":41},"end":{"line":46,"column":3}},"line":41},"4":{"name":"(anonymous_4)","decl":{"start":{"line":49,"column":2},"end":{"line":49,"column":3}},"loc":{"start":{"line":49,"column":40},"end":{"line":55,"column":3}},"line":49},"5":{"name":"(anonymous_5)","decl":{"start":{"line":57,"column":2},"end":{"line":57,"column":3}},"loc":{"start":{"line":57,"column":38},"end":{"line":59,"column":3}},"line":57},"6":{"name":"(anonymous_6)","decl":{"start":{"line":62,"column":2},"end":{"line":62,"column":3}},"loc":{"start":{"line":62,"column":59},"end":{"line":68,"column":3}},"line":62},"7":{"name":"(anonymous_7)","decl":{"start":{"line":71,"column":2},"end":{"line":71,"column":3}},"loc":{"start":{"line":71,"column":39},"end":{"line":77,"column":3}},"line":71},"8":{"name":"(anonymous_8)","decl":{"start":{"line":80,"column":2},"end":{"line":80,"column":3}},"loc":{"start":{"line":80,"column":76},"end":{"line":98,"column":3}},"line":80}},"branchMap":{"0":{"loc":{"start":{"line":58,"column":11},"end":{"line":58,"column":88}},"type":"binary-expr","locations":[{"start":{"line":58,"column":11},"end":{"line":58,"column":82}},{"start":{"line":58,"column":86},"end":{"line":58,"column":88}}],"line":58},"1":{"loc":{"start":{"line":80,"column":47},"end":{"line":80,"column":59}},"type":"default-arg","locations":[{"start":{"line":80,"column":55},"end":{"line":80,"column":59}}],"line":80},"2":{"loc":{"start":{"line":80,"column":61},"end":{"line":80,"column":74}},"type":"default-arg","locations":[{"start":{"line":80,"column":70},"end":{"line":80,"column":74}}],"line":80},"3":{"loc":{"start":{"line":89,"column":4},"end":{"line":92,"column":5}},"type":"if","locations":[{"start":{"line":89,"column":4},"end":{"line":92,"column":5}},{"start":{},"end":{}}],"line":89},"4":{"loc":{"start":{"line":93,"column":4},"end":{"line":96,"column":5}},"type":"if","locations":[{"start":{"line":93,"column":4},"end":{"line":96,"column":5}},{"start":{},"end":{}}],"line":93}},"s":{"0":5,"1":0,"2":0,"3":0,"4":0,"5":0,"6":0,"7":5,"8":0,"9":0,"10":0,"11":0,"12":0,"13":0,"14":0,"15":0,"16":0,"17":0,"18":0,"19":5},"f":{"0":0,"1":0,"2":0,"3":0,"4":0,"5":5,"6":0,"7":0,"8":0},"b":{"0":[5,0],"1":[0],"2":[0],"3":[0,0],"4":[0,0]},"_coverageSchema":"1a1c01bbd47fc00a2c39e90264f33305004495a9","hash":"32a968c3251f6bad03cc31e8896ed0d991312750"}
,"C:\\Users\\yusakata\\work\\github.com\\xyslope\\zaikon\\repositories\\LocationRepository.js": {"path":"C:\\Users\\yusakata\\work\\github.com\\xyslope\\zaikon\\repositories\\LocationRepository.js","statementMap":{"0":{"start":{"line":1,"column":11},"end":{"line":1,"column":27}},"1":{"start":{"line":5,"column":4},"end":{"line":9,"column":13}},"2":{"start":{"line":13,"column":4},"end":{"line":16,"column":6}},"3":{"start":{"line":22,"column":4},"end":{"line":26,"column":19}},"4":{"start":{"line":30,"column":4},"end":{"line":30,"column":95}},"5":{"start":{"line":34,"column":4},"end":{"line":37,"column":85}},"6":{"start":{"line":42,"column":0},"end":{"line":42,"column":36}}},"fnMap":{"0":{"name":"(anonymous_0)","decl":{"start":{"line":4,"column":2},"end":{"line":4,"column":3}},"loc":{"start":{"line":4,"column":27},"end":{"line":10,"column":3}},"line":4},"1":{"name":"(anonymous_1)","decl":{"start":{"line":12,"column":2},"end":{"line":12,"column":3}},"loc":{"start":{"line":12,"column":42},"end":{"line":17,"column":3}},"line":12},"2":{"name":"(anonymous_2)","decl":{"start":{"line":20,"column":0},"end":{"line":20,"column":1}},"loc":{"start":{"line":20,"column":28},"end":{"line":27,"column":3}},"line":20},"3":{"name":"(anonymous_3)","decl":{"start":{"line":29,"column":2},"end":{"line":29,"column":3}},"loc":{"start":{"line":29,"column":30},"end":{"line":31,"column":3}},"line":29},"4":{"name":"(anonymous_4)","decl":{"start":{"line":33,"column":2},"end":{"line":33,"column":3}},"loc":{"start":{"line":33,"column":101},"end":{"line":38,"column":3}},"line":33}},"branchMap":{"0":{"loc":{"start":{"line":30,"column":11},"end":{"line":30,"column":94}},"type":"binary-expr","locations":[{"start":{"line":30,"column":11},"end":{"line":30,"column":86}},{"start":{"line":30,"column":90},"end":{"line":30,"column":94}}],"line":30},"1":{"loc":{"start":{"line":33,"column":80},"end":{"line":33,"column":97}},"type":"default-arg","locations":[{"start":{"line":33,"column":93},"end":{"line":33,"column":97}}],"line":33}},"s":{"0":5,"1":0,"2":0,"3":1,"4":2,"5":1,"6":5},"f":{"0":0,"1":0,"2":1,"3":2,"4":1},"b":{"0":[2,1],"1":[1]},"_coverageSchema":"1a1c01bbd47fc00a2c39e90264f33305004495a9","hash":"babe1c2548efdf92f8283bf0930ae104f007da15"}
,"C:\\Users\\yusakata\\work\\github.com\\xyslope\\zaikon\\repositories\\MemberRepository.js": {"path":"C:\\Users\\yusakata\\work\\github.com\\xyslope\\zaikon\\repositories\\MemberRepository.js","statementMap":{"0":{"start":{"line":1,"column":11},"end":{"line":1,"column":27}},"1":{"start":{"line":6,"column":17},"end":{"line":10,"column":6}},"2":{"start":{"line":11,"column":4},"end":{"line":15,"column":6}},"3":{"start":{"line":20,"column":17},"end":{"line":23,"column":6}},"4":{"start":{"line":24,"column":4},"end":{"line":24,"column":40}},"5":{"start":{"line":29,"column":4},"end":{"line":35,"column":29}},"6":{"start":{"line":40,"column":4},"end":{"line":43,"column":29}},"7":{"start":{"line":48,"column":4},"end":{"line":51,"column":25}},"8":{"start":{"line":56,"column":4},"end":{"line":59,"column":23}},"9":{"start":{"line":64,"column":4},"end":{"line":67,"column":31}},"10":{"start":{"line":71,"column":0},"end":{"line":71,"column":34}}},"fnMap":{"0":{"name":"(anonymous_0)","decl":{"start":{"line":5,"column":2},"end":{"line":5,"column":3}},"loc":{"start":{"line":5,"column":31},"end":{"line":16,"column":3}},"line":5},"1":{"name":"(anonymous_1)","decl":{"start":{"line":19,"column":2},"end":{"line":19,"column":3}},"loc":{"start":{"line":19,"column":42},"end":{"line":25,"column":3}},"line":19},"2":{"name":"(anonymous_2)","decl":{"start":{"line":28,"column":2},"end":{"line":28,"column":3}},"loc":{"start":{"line":28,"column":41},"end":{"line":36,"column":3}},"line":28},"3":{"name":"(anonymous_3)","decl":{"start":{"line":39,"column":2},"end":{"line":39,"column":3}},"loc":{"start":{"line":39,"column":38},"end":{"line":44,"column":3}},"line":39},"4":{"name":"(anonymous_4)","decl":{"start":{"line":47,"column":2},"end":{"line":47,"column":3}},"loc":{"start":{"line":47,"column":30},"end":{"line":52,"column":3}},"line":47},"5":{"name":"(anonymous_5)","decl":{"start":{"line":55,"column":2},"end":{"line":55,"column":3}},"loc":{"start":{"line":55,"column":40},"end":{"line":60,"column":3}},"line":55},"6":{"name":"(anonymous_6)","decl":{"start":{"line":63,"column":2},"end":{"line":63,"column":3}},"loc":{"start":{"line":63,"column":38},"end":{"line":68,"column":3}},"line":63}},"branchMap":{"0":{"loc":{"start":{"line":29,"column":11},"end":{"line":35,"column":28}},"type":"binary-expr","locations":[{"start":{"line":29,"column":11},"end":{"line":35,"column":22}},{"start":{"line":35,"column":26},"end":{"line":35,"column":28}}],"line":29},"1":{"loc":{"start":{"line":40,"column":11},"end":{"line":43,"column":28}},"type":"binary-expr","locations":[{"start":{"line":40,"column":11},"end":{"line":43,"column":22}},{"start":{"line":43,"column":26},"end":{"line":43,"column":28}}],"line":40},"2":{"loc":{"start":{"line":48,"column":11},"end":{"line":51,"column":24}},"type":"binary-expr","locations":[{"start":{"line":48,"column":11},"end":{"line":51,"column":18}},{"start":{"line":51,"column":22},"end":{"line":51,"column":24}}],"line":48}},"s":{"0":5,"1":1,"2":1,"3":0,"4":0,"5":6,"6":0,"7":0,"8":0,"9":0,"10":5},"f":{"0":1,"1":0,"2":6,"3":0,"4":0,"5":0,"6":0},"b":{"0":[6,0],"1":[0,0],"2":[0,0]},"_coverageSchema":"1a1c01bbd47fc00a2c39e90264f33305004495a9","hash":"1e74931f68a3e318b300c58ed470f69ddc5eb15a"}
,"C:\\Users\\yusakata\\work\\github.com\\xyslope\\zaikon\\repositories\\UserRepository.js": {"path":"C:\\Users\\yusakata\\work\\github.com\\xyslope\\zaikon\\repositories\\UserRepository.js","statementMap":{"0":{"start":{"line":2,"column":11},"end":{"line":2,"column":27}},"1":{"start":{"line":7,"column":4},"end":{"line":7,"column":75}},"2":{"start":{"line":12,"column":4},"end":{"line":13,"column":36}},"3":{"start":{"line":18,"column":4},"end":{"line":18,"column":79}},"4":{"start":{"line":23,"column":2},"end":{"line":23,"column":81}},"5":{"start":{"line":28,"column":17},"end":{"line":32,"column":6}},"6":{"start":{"line":33,"column":4},"end":{"line":39,"column":6}},"7":{"start":{"line":44,"column":4},"end":{"line":48,"column":19}},"8":{"start":{"line":53,"column":4},"end":{"line":53,"column":80}},"9":{"start":{"line":58,"column":4},"end":{"line":58,"column":51}},"10":{"start":{"line":63,"column":4},"end":{"line":64,"column":25}},"11":{"start":{"line":69,"column":15},"end":{"line":71,"column":4}},"12":{"start":{"line":72,"column":2},"end":{"line":72,"column":83}},"13":{"start":{"line":77,"column":0},"end":{"line":77,"column":32}}},"fnMap":{"0":{"name":"(anonymous_0)","decl":{"start":{"line":6,"column":2},"end":{"line":6,"column":3}},"loc":{"start":{"line":6,"column":29},"end":{"line":8,"column":3}},"line":6},"1":{"name":"(anonymous_1)","decl":{"start":{"line":11,"column":2},"end":{"line":11,"column":3}},"loc":{"start":{"line":11,"column":44},"end":{"line":14,"column":3}},"line":11},"2":{"name":"(anonymous_2)","decl":{"start":{"line":17,"column":2},"end":{"line":17,"column":3}},"loc":{"start":{"line":17,"column":34},"end":{"line":19,"column":3}},"line":17},"3":{"name":"(anonymous_3)","decl":{"start":{"line":22,"column":0},"end":{"line":22,"column":1}},"loc":{"start":{"line":22,"column":24},"end":{"line":24,"column":1}},"line":22},"4":{"name":"(anonymous_4)","decl":{"start":{"line":27,"column":2},"end":{"line":27,"column":3}},"loc":{"start":{"line":27,"column":30},"end":{"line":40,"column":3}},"line":27},"5":{"name":"(anonymous_5)","decl":{"start":{"line":43,"column":2},"end":{"line":43,"column":3}},"loc":{"start":{"line":43,"column":34},"end":{"line":49,"column":3}},"line":43},"6":{"name":"(anonymous_6)","decl":{"start":{"line":52,"column":2},"end":{"line":52,"column":3}},"loc":{"start":{"line":52,"column":28},"end":{"line":54,"column":3}},"line":52},"7":{"name":"(anonymous_7)","decl":{"start":{"line":57,"column":2},"end":{"line":57,"column":3}},"loc":{"start":{"line":57,"column":19},"end":{"line":59,"column":3}},"line":57},"8":{"name":"(anonymous_8)","decl":{"start":{"line":62,"column":2},"end":{"line":62,"column":3}},"loc":{"start":{"line":62,"column":37},"end":{"line":65,"column":3}},"line":62},"9":{"name":"(anonymous_9)","decl":{"start":{"line":68,"column":0},"end":{"line":68,"column":1}},"loc":{"start":{"line":68,"column":28},"end":{"line":73,"column":1}},"line":68}},"branchMap":{"0":{"loc":{"start":{"line":12,"column":11},"end":{"line":13,"column":35}},"type":"binary-expr","locations":[{"start":{"line":12,"column":11},"end":{"line":13,"column":27}},{"start":{"line":13,"column":31},"end":{"line":13,"column":35}}],"line":12},"1":{"loc":{"start":{"line":23,"column":9},"end":{"line":23,"column":80}},"type":"binary-expr","locations":[{"start":{"line":23,"column":9},"end":{"line":23,"column":72}},{"start":{"line":23,"column":76},"end":{"line":23,"column":80}}],"line":23},"2":{"loc":{"start":{"line":53,"column":11},"end":{"line":53,"column":79}},"type":"binary-expr","locations":[{"start":{"line":53,"column":11},"end":{"line":53,"column":71}},{"start":{"line":53,"column":75},"end":{"line":53,"column":79}}],"line":53}},"s":{"0":5,"1":0,"2":0,"3":0,"4":1,"5":1,"6":1,"7":0,"8":1,"9":0,"10":0,"11":0,"12":0,"13":5},"f":{"0":0,"1":0,"2":0,"3":1,"4":1,"5":0,"6":1,"7":0,"8":0,"9":0},"b":{"0":[0,0],"1":[1,1],"2":[1,1]},"_coverageSchema":"1a1c01bbd47fc00a2c39e90264f33305004495a9","hash":"2cd66671b6764f555a9a8af95b3448833aa42477"}
}
