TN:
SF:controllers/itemController.js
FN:6,calculateStatus
FN:18,(anonymous_1)
FN:50,(anonymous_2)
FN:54,(anonymous_3)
FN:68,(anonymous_4)
FN:72,(anonymous_5)
FN:89,(anonymous_6)
FN:111,(anonymous_7)
FN:125,(anonymous_8)
FN:136,(anonymous_9)
FN:147,(anonymous_10)
FN:161,(anonymous_11)
FN:191,(anonymous_12)
FN:205,(anonymous_13)
FN:215,(anonymous_14)
FNF:15
FNH:3
FNDA:13,calculateStatus
FNDA:0,(anonymous_1)
FNDA:0,(anonymous_2)
FNDA:0,(anonymous_3)
FNDA:0,(anonymous_4)
FNDA:0,(anonymous_5)
FNDA:0,(anonymous_6)
FNDA:0,(anonymous_7)
FNDA:0,(anonymous_8)
FNDA:0,(anonymous_9)
FNDA:5,(anonymous_10)
FNDA:6,(anonymous_11)
FNDA:0,(anonymous_12)
FNDA:0,(anonymous_13)
FNDA:0,(anonymous_14)
DA:1,9
DA:2,9
DA:3,9
DA:4,9
DA:7,13
DA:8,13
DA:9,13
DA:10,13
DA:11,13
DA:12,11
DA:13,5
DA:14,3
DA:19,0
DA:20,0
DA:22,0
DA:23,0
DA:24,0
DA:25,0
DA:26,0
DA:27,0
DA:28,0
DA:42,0
DA:43,0
DA:45,0
DA:46,0
DA:51,0
DA:52,0
DA:53,0
DA:54,0
DA:55,0
DA:56,0
DA:57,0
DA:58,0
DA:59,0
DA:60,0
DA:61,0
DA:63,0
DA:64,0
DA:69,0
DA:70,0
DA:71,0
DA:72,0
DA:73,0
DA:74,0
DA:75,0
DA:76,0
DA:77,0
DA:78,0
DA:80,0
DA:82,0
DA:84,0
DA:85,0
DA:90,0
DA:91,0
DA:93,0
DA:94,0
DA:95,0
DA:96,0
DA:99,0
DA:105,0
DA:107,0
DA:112,0
DA:113,0
DA:115,0
DA:117,0
DA:118,0
DA:119,0
DA:121,0
DA:126,0
DA:127,0
DA:128,0
DA:129,0
DA:131,0
DA:132,0
DA:137,0
DA:138,0
DA:139,0
DA:140,0
DA:142,0
DA:143,0
DA:148,5
DA:149,5
DA:150,5
DA:151,4
DA:152,3
DA:154,1
DA:156,1
DA:157,1
DA:162,6
DA:163,6
DA:165,6
DA:166,6
DA:167,6
DA:168,6
DA:169,6
DA:171,6
DA:173,6
DA:182,6
DA:183,5
DA:185,1
DA:186,1
DA:192,0
DA:193,0
DA:195,0
DA:196,0
DA:197,0
DA:198,0
DA:202,0
DA:205,0
DA:207,0
DA:209,0
DA:210,0
DA:216,0
DA:217,0
DA:218,0
DA:220,0
DA:221,0
DA:222,0
DA:223,0
DA:227,0
DA:228,0
DA:229,0
DA:233,0
DA:235,0
DA:237,0
DA:238,0
DA:243,9
DA:244,9
LF:128
LH:35
BRDA:11,0,0,2
BRDA:11,0,1,11
BRDA:12,1,0,6
BRDA:12,1,1,5
BRDA:13,2,0,2
BRDA:13,2,1,3
BRDA:24,3,0,0
BRDA:24,3,1,0
BRDA:25,4,0,0
BRDA:25,4,1,0
BRDA:26,5,0,0
BRDA:26,5,1,0
BRDA:27,6,0,0
BRDA:27,6,1,0
BRDA:55,7,0,0
BRDA:55,7,1,0
BRDA:57,8,0,0
BRDA:57,8,1,0
BRDA:58,9,0,0
BRDA:58,9,1,0
BRDA:59,10,0,0
BRDA:59,10,1,0
BRDA:59,11,0,0
BRDA:59,11,1,0
BRDA:73,12,0,0
BRDA:73,12,1,0
BRDA:76,13,0,0
BRDA:76,13,1,0
BRDA:76,14,0,0
BRDA:76,14,1,0
BRDA:95,15,0,0
BRDA:95,15,1,0
BRDA:115,16,0,0
BRDA:115,16,1,0
BRDA:151,17,0,3
BRDA:151,17,1,1
BRDA:197,18,0,0
BRDA:197,18,1,0
BRDA:222,19,0,0
BRDA:222,19,1,0
BRDA:228,20,0,0
BRDA:228,20,1,0
BRF:42
BRH:8
end_of_record
TN:
SF:controllers/lineController.js
FN:6,(anonymous_0)
FN:67,(anonymous_1)
FN:126,createReplenishMessage
FN:133,(anonymous_3)
FN:141,(anonymous_4)
FN:143,(anonymous_5)
FN:155,createShoppingMessage
FN:161,(anonymous_7)
FN:168,(anonymous_8)
FN:170,(anonymous_9)
FNF:10
FNH:0
FNDA:0,(anonymous_0)
FNDA:0,(anonymous_1)
FNDA:0,createReplenishMessage
FNDA:0,(anonymous_3)
FNDA:0,(anonymous_4)
FNDA:0,(anonymous_5)
FNDA:0,createShoppingMessage
FNDA:0,(anonymous_7)
FNDA:0,(anonymous_8)
FNDA:0,(anonymous_9)
DA:1,8
DA:2,8
DA:3,8
DA:7,0
DA:8,0
DA:11,0
DA:12,0
DA:15,0
DA:17,0
DA:19,0
DA:20,0
DA:24,0
DA:27,0
DA:32,0
DA:33,0
DA:38,0
DA:41,0
DA:42,0
DA:43,0
DA:49,0
DA:54,0
DA:60,0
DA:61,0
DA:68,0
DA:69,0
DA:71,0
DA:72,0
DA:75,0
DA:77,0
DA:79,0
DA:80,0
DA:83,0
DA:85,0
DA:90,0
DA:91,0
DA:96,0
DA:99,0
DA:100,0
DA:101,0
DA:106,0
DA:111,0
DA:117,0
DA:118,0
DA:127,0
DA:129,0
DA:130,0
DA:133,0
DA:134,0
DA:135,0
DA:137,0
DA:141,0
DA:142,0
DA:143,0
DA:144,0
DA:146,0
DA:149,0
DA:151,0
DA:156,0
DA:158,0
DA:159,0
DA:161,0
DA:162,0
DA:163,0
DA:165,0
DA:168,0
DA:169,0
DA:170,0
DA:171,0
DA:173,0
DA:176,0
DA:178,0
DA:181,8
LF:72
LH:4
BRDA:11,0,0,0
BRDA:11,0,1,0
BRDA:11,1,0,0
BRDA:11,1,1,0
BRDA:19,2,0,0
BRDA:19,2,1,0
BRDA:32,3,0,0
BRDA:32,3,1,0
BRDA:42,4,0,0
BRDA:42,4,1,0
BRDA:42,5,0,0
BRDA:42,5,1,0
BRDA:71,6,0,0
BRDA:71,6,1,0
BRDA:71,7,0,0
BRDA:71,7,1,0
BRDA:79,8,0,0
BRDA:79,8,1,0
BRDA:90,9,0,0
BRDA:90,9,1,0
BRDA:100,10,0,0
BRDA:100,10,1,0
BRDA:100,11,0,0
BRDA:100,11,1,0
BRDA:134,12,0,0
BRDA:134,12,1,0
BRDA:162,13,0,0
BRDA:162,13,1,0
BRF:28
BRH:0
end_of_record
TN:
SF:controllers/lineSetupController.js
FN:9,(anonymous_0)
FN:46,(anonymous_1)
FN:109,(anonymous_2)
FN:147,(anonymous_3)
FNF:4
FNH:1
FNDA:0,(anonymous_0)
FNDA:0,(anonymous_1)
FNDA:0,(anonymous_2)
FNDA:3,(anonymous_3)
DA:1,8
DA:2,8
DA:5,8
DA:10,0
DA:11,0
DA:13,0
DA:14,0
DA:18,0
DA:19,0
DA:21,0
DA:28,0
DA:29,0
DA:30,0
DA:34,0
DA:35,0
DA:37,0
DA:47,0
DA:48,0
DA:50,0
DA:51,0
DA:58,0
DA:60,0
DA:110,0
DA:112,0
DA:113,0
DA:114,0
DA:117,0
DA:119,0
DA:120,0
DA:121,0
DA:124,0
DA:132,0
DA:134,0
DA:141,0
DA:142,0
DA:148,3
DA:149,3
DA:151,3
DA:152,3
DA:155,0
DA:156,0
DA:157,0
DA:158,0
DA:161,0
DA:162,0
DA:165,0
DA:167,0
DA:173,0
DA:174,0
DA:179,8
LF:50
LH:8
BRDA:13,0,0,0
BRDA:13,0,1,0
BRDA:13,1,0,0
BRDA:13,1,1,0
BRDA:29,2,0,0
BRDA:29,2,1,0
BRDA:34,3,0,0
BRDA:34,3,1,0
BRDA:34,4,0,0
BRDA:34,4,1,0
BRDA:50,5,0,0
BRDA:50,5,1,0
BRDA:50,6,0,0
BRDA:50,6,1,0
BRDA:58,7,0,0
BRDA:58,7,1,0
BRDA:113,8,0,0
BRDA:113,8,1,0
BRDA:113,9,0,0
BRDA:113,9,1,0
BRDA:120,10,0,0
BRDA:120,10,1,0
BRDA:151,11,0,3
BRDA:151,11,1,0
BRDA:151,12,0,3
BRDA:151,12,1,3
BRDA:157,13,0,0
BRDA:157,13,1,0
BRDA:161,14,0,0
BRDA:161,14,1,0
BRF:30
BRH:3
end_of_record
TN:
SF:controllers/locationController.js
FN:8,calculateStatus
FN:20,(anonymous_1)
FN:57,(anonymous_2)
FN:88,(anonymous_3)
FN:115,(anonymous_4)
FN:127,(anonymous_5)
FNF:6
FNH:3
FNDA:0,calculateStatus
FNDA:1,(anonymous_1)
FNDA:7,(anonymous_2)
FNDA:3,(anonymous_3)
FNDA:0,(anonymous_4)
FNDA:0,(anonymous_5)
DA:1,8
DA:2,8
DA:3,8
DA:4,8
DA:5,8
DA:6,8
DA:9,0
DA:10,0
DA:11,0
DA:12,0
DA:13,0
DA:14,0
DA:15,0
DA:16,0
DA:21,1
DA:22,1
DA:23,0
DA:24,0
DA:27,1
DA:28,1
DA:30,1
DA:31,1
DA:32,1
DA:33,1
DA:34,1
DA:41,1
DA:43,1
DA:48,1
DA:50,1
DA:52,0
DA:53,0
DA:58,7
DA:59,7
DA:61,7
DA:63,7
DA:64,0
DA:65,0
DA:69,7
DA:70,7
DA:71,4
DA:72,4
DA:77,3
DA:78,3
DA:79,3
DA:80,0
DA:83,0
DA:84,0
DA:88,3
DA:89,3
DA:93,3
DA:94,0
DA:95,0
DA:99,3
DA:101,3
DA:110,0
DA:111,0
DA:116,0
DA:117,0
DA:118,0
DA:120,0
DA:121,0
DA:122,0
DA:123,0
DA:127,0
DA:129,0
DA:130,0
DA:131,0
DA:134,0
DA:136,0
DA:138,0
DA:139,0
DA:144,8
LF:72
LH:36
BRDA:13,0,0,0
BRDA:13,0,1,0
BRDA:14,1,0,0
BRDA:14,1,1,0
BRDA:15,2,0,0
BRDA:15,2,1,0
BRDA:22,3,0,0
BRDA:22,3,1,1
BRDA:28,4,0,0
BRDA:28,4,1,1
BRDA:63,5,0,0
BRDA:63,5,1,7
BRDA:63,6,0,7
BRDA:63,6,1,7
BRDA:70,7,0,4
BRDA:70,7,1,3
BRDA:79,8,0,0
BRDA:79,8,1,3
BRDA:89,9,0,3
BRDA:89,9,1,3
BRDA:93,10,0,0
BRDA:93,10,1,3
BRDA:118,11,0,0
BRDA:118,11,1,0
BRDA:122,12,0,0
BRDA:122,12,1,0
BRDA:122,13,0,0
BRDA:122,13,1,0
BRF:28
BRH:11
end_of_record
TN:
SF:controllers/userController.js
FN:9,(anonymous_0)
FN:23,(anonymous_1)
FN:63,(anonymous_2)
FN:90,(anonymous_3)
FNF:4
FNH:2
FNDA:0,(anonymous_0)
FNDA:1,(anonymous_1)
FNDA:2,(anonymous_2)
FNDA:0,(anonymous_3)
DA:1,8
DA:2,8
DA:3,8
DA:4,8
DA:5,8
DA:6,8
DA:10,0
DA:11,0
DA:12,0
DA:13,0
DA:14,0
DA:16,0
DA:18,0
DA:19,0
DA:24,1
DA:25,1
DA:26,1
DA:27,1
DA:28,1
DA:29,1
DA:30,0
DA:32,1
DA:33,1
DA:34,1
DA:35,1
DA:36,1
DA:37,0
DA:40,0
DA:41,0
DA:43,1
DA:45,1
DA:52,1
DA:54,1
DA:55,1
DA:56,1
DA:58,0
DA:59,0
DA:64,2
DA:66,2
DA:67,2
DA:68,1
DA:69,1
DA:70,1
DA:72,0
DA:75,1
DA:76,1
DA:77,6
DA:78,6
DA:80,1
DA:86,0
DA:91,0
DA:92,0
DA:94,0
DA:95,0
DA:97,0
DA:98,0
DA:100,0
DA:101,0
DA:108,0
DA:109,0
DA:110,0
DA:112,0
DA:114,0
DA:115,0
DA:120,8
LF:65
LH:35
BRDA:13,0,0,0
BRDA:13,0,1,0
BRDA:25,1,0,0
BRDA:25,1,1,1
BRDA:25,2,0,1
BRDA:25,2,1,1
BRDA:25,2,2,1
BRDA:29,3,0,0
BRDA:29,3,1,1
BRDA:36,4,0,0
BRDA:36,4,1,1
BRDA:67,5,0,1
BRDA:67,5,1,1
BRDA:67,6,0,2
BRDA:67,6,1,2
BRDA:69,7,0,1
BRDA:69,7,1,0
BRDA:92,8,0,0
BRDA:92,8,1,0
BRDA:95,9,0,0
BRDA:95,9,1,0
BRDA:98,10,0,0
BRDA:98,10,1,0
BRDA:98,11,0,0
BRDA:98,11,1,0
BRDA:105,12,0,0
BRDA:105,12,1,0
BRDA:110,13,0,0
BRDA:110,13,1,0
BRF:29
BRH:11
end_of_record
TN:
SF:repositories/BanEmailRepository.js
FN:4,(anonymous_0)
FN:9,(anonymous_1)
FN:13,(anonymous_2)
FN:18,(anonymous_3)
FNF:4
FNH:1
FNDA:0,(anonymous_0)
FNDA:1,(anonymous_1)
FNDA:0,(anonymous_2)
FNDA:0,(anonymous_3)
DA:1,8
DA:5,0
DA:6,0
DA:10,1
DA:14,0
DA:15,0
DA:19,0
DA:23,8
LF:8
LH:3
BRDA:4,0,0,0
BRDA:10,1,0,1
BRDA:10,1,1,1
BRF:3
BRH:2
end_of_record
TN:
SF:repositories/ItemRepository.js
FN:5,(anonymous_0)
FN:14,(anonymous_1)
FN:32,(anonymous_2)
FN:41,(anonymous_3)
FN:49,(anonymous_4)
FN:57,(anonymous_5)
FN:62,(anonymous_6)
FN:67,(anonymous_7)
FN:72,(anonymous_8)
FN:77,(anonymous_9)
FN:86,(anonymous_10)
FN:95,(anonymous_11)
FN:108,(anonymous_12)
FN:129,(anonymous_13)
FNF:14
FNH:12
FNDA:1,(anonymous_0)
FNDA:1,(anonymous_1)
FNDA:1,(anonymous_2)
FNDA:1,(anonymous_3)
FNDA:1,(anonymous_4)
FNDA:11,(anonymous_5)
FNDA:4,(anonymous_6)
FNDA:1,(anonymous_7)
FNDA:0,(anonymous_8)
FNDA:1,(anonymous_9)
FNDA:1,(anonymous_10)
FNDA:4,(anonymous_11)
FNDA:3,(anonymous_12)
FNDA:0,(anonymous_13)
DA:1,10
DA:6,1
DA:18,1
DA:19,1
DA:33,1
DA:42,1
DA:50,1
DA:58,11
DA:63,4
DA:68,1
DA:73,0
DA:78,1
DA:87,1
DA:98,4
DA:99,4
DA:109,3
DA:115,3
DA:117,3
DA:118,2
DA:119,2
DA:121,3
DA:122,1
DA:123,1
DA:125,3
DA:130,0
DA:138,10
LF:26
LH:24
BRDA:58,0,0,11
BRDA:58,0,1,1
BRDA:63,1,0,4
BRDA:63,1,1,3
BRDA:108,2,0,1
BRDA:108,3,0,2
BRDA:117,4,0,2
BRDA:117,4,1,1
BRDA:121,5,0,1
BRDA:121,5,1,2
BRF:10
BRH:10
end_of_record
TN:
SF:repositories/LocationRepository.js
FN:4,(anonymous_0)
FN:12,(anonymous_1)
FN:20,(anonymous_2)
FN:29,(anonymous_3)
FN:33,(anonymous_4)
FN:41,(anonymous_5)
FN:46,(anonymous_6)
FNF:7
FNH:3
FNDA:0,(anonymous_0)
FNDA:0,(anonymous_1)
FNDA:1,(anonymous_2)
FNDA:7,(anonymous_3)
FNDA:1,(anonymous_4)
FNDA:0,(anonymous_5)
FNDA:0,(anonymous_6)
DA:1,9
DA:5,0
DA:13,0
DA:22,1
DA:30,7
DA:34,1
DA:42,0
DA:47,0
DA:51,0
DA:55,9
LF:10
LH:5
BRDA:30,0,0,7
BRDA:30,0,1,4
BRDA:33,1,0,1
BRF:3
BRH:3
end_of_record
TN:
SF:repositories/MemberRepository.js
FN:5,(anonymous_0)
FN:19,(anonymous_1)
FN:28,(anonymous_2)
FN:39,(anonymous_3)
FN:47,(anonymous_4)
FN:55,(anonymous_5)
FN:63,(anonymous_6)
FNF:7
FNH:2
FNDA:1,(anonymous_0)
FNDA:0,(anonymous_1)
FNDA:9,(anonymous_2)
FNDA:0,(anonymous_3)
FNDA:0,(anonymous_4)
FNDA:0,(anonymous_5)
FNDA:0,(anonymous_6)
DA:1,9
DA:6,1
DA:11,1
DA:20,0
DA:24,0
DA:29,9
DA:40,0
DA:48,0
DA:56,0
DA:64,0
DA:71,9
LF:11
LH:5
BRDA:29,0,0,9
BRDA:29,0,1,0
BRDA:40,1,0,0
BRDA:40,1,1,0
BRDA:48,2,0,0
BRDA:48,2,1,0
BRF:6
BRH:1
end_of_record
TN:
SF:repositories/UserRepository.js
FN:6,(anonymous_0)
FN:11,(anonymous_1)
FN:17,(anonymous_2)
FN:23,(anonymous_3)
FN:39,(anonymous_4)
FN:48,(anonymous_5)
FN:53,(anonymous_6)
FN:58,(anonymous_7)
FN:64,(anonymous_8)
FN:72,(anonymous_9)
FN:78,(anonymous_10)
FNF:11
FNH:6
FNDA:1,(anonymous_0)
FNDA:0,(anonymous_1)
FNDA:0,(anonymous_2)
FNDA:4,(anonymous_3)
FNDA:0,(anonymous_4)
FNDA:1,(anonymous_5)
FNDA:0,(anonymous_6)
FNDA:0,(anonymous_7)
FNDA:3,(anonymous_8)
FNDA:1,(anonymous_9)
FNDA:3,(anonymous_10)
DA:2,8
DA:7,1
DA:12,0
DA:18,0
DA:24,4
DA:29,4
DA:40,0
DA:49,1
DA:54,0
DA:59,0
DA:65,3
DA:68,3
DA:73,1
DA:74,1
DA:79,3
DA:84,8
LF:16
LH:11
BRDA:7,0,0,1
BRDA:7,0,1,1
BRDA:12,1,0,0
BRDA:12,1,1,0
BRDA:18,2,0,0
BRDA:18,2,1,0
BRDA:49,3,0,1
BRDA:49,3,1,1
BRF:8
BRH:4
end_of_record
TN:
SF:repositories/migrateall.js
FN:4,migrateData
FN:14,(anonymous_1)
FN:20,(anonymous_2)
FN:35,(anonymous_3)
FN:51,(anonymous_4)
FN:66,(anonymous_5)
FNF:6
FNH:0
FNDA:0,migrateData
FNDA:0,(anonymous_1)
FNDA:0,(anonymous_2)
FNDA:0,(anonymous_3)
FNDA:0,(anonymous_4)
FNDA:0,(anonymous_5)
DA:1,0
DA:2,0
DA:5,0
DA:7,0
DA:8,0
DA:9,0
DA:10,0
DA:13,0
DA:14,0
DA:16,0
DA:20,0
DA:21,0
DA:30,0
DA:35,0
DA:36,0
DA:47,0
DA:51,0
DA:52,0
DA:60,0
DA:66,0
DA:67,0
DA:83,0
DA:84,0
DA:86,0
DA:94,0
DA:95,0
DA:99,0
LF:27
LH:0
BRDA:39,0,0,0
BRDA:39,0,1,0
BRDA:40,1,0,0
BRDA:40,1,1,0
BRDA:42,2,0,0
BRDA:42,2,1,0
BRDA:71,3,0,0
BRDA:71,3,1,0
BRDA:72,4,0,0
BRDA:72,4,1,0
BRDA:73,5,0,0
BRDA:73,5,1,0
BRDA:74,6,0,0
BRDA:74,6,1,0
BRDA:75,7,0,0
BRDA:75,7,1,0
BRDA:77,8,0,0
BRDA:77,8,1,0
BRDA:78,9,0,0
BRDA:78,9,1,0
BRF:20
BRH:0
end_of_record
TN:
SF:repositories/migrateitems.js
FN:5,migrateItems
FN:15,(anonymous_1)
FN:16,(anonymous_2)
FNF:3
FNH:0
FNDA:0,migrateItems
FNDA:0,(anonymous_1)
FNDA:0,(anonymous_2)
DA:2,0
DA:3,0
DA:6,0
DA:15,0
DA:16,0
DA:17,0
DA:33,0
DA:34,0
DA:37,0
LF:9
LH:0
BRDA:21,0,0,0
BRDA:21,0,1,0
BRDA:22,1,0,0
BRDA:22,1,1,0
BRDA:23,2,0,0
BRDA:23,2,1,0
BRDA:24,3,0,0
BRDA:24,3,1,0
BRDA:25,4,0,0
BRDA:25,4,1,0
BRDA:27,5,0,0
BRDA:27,5,1,0
BRDA:28,6,0,0
BRDA:28,6,1,0
BRF:14
BRH:0
end_of_record
